<?xml version="1.0" encoding="UTF-8"?>
<!-- Generated by org.testng.reporters.JUnitXMLReporter -->
<testsuite hostname="HP" failures="0" tests="12" name="Surefire test" time="22.222" errors="0" timestamp="18 Mar 2024 23:18:29 GMT">
  <testcase classname="com.naveenautomation.tests.AddressBookPageTest" name="@BeforeMethod launchBrowser" time="0.0">
    <failure type="org.openqa.selenium.SessionNotCreatedException" message="session not created: This version of ChromeDriver only supports Chrome version 114
Current browser version is 122.0.6261.129 with binary path C:\Program Files (x86)\Google\Chrome\Application\chrome.exe
Build info: version: &amp;apos;3.141.59&amp;apos;, revision: &amp;apos;e82be7d358&amp;apos;, time: &amp;apos;2018-11-14T08:17:03&amp;apos;
System info: host: &amp;apos;HP&amp;apos;, ip: &amp;apos;10.0.0.47&amp;apos;, os.name: &amp;apos;Windows 11&amp;apos;, os.arch: &amp;apos;amd64&amp;apos;, os.version: &amp;apos;10.0&amp;apos;, java.version: &amp;apos;11.0.16&amp;apos;
Driver info: driver.version: ChromeDriver
remote stacktrace: Backtrace:
	GetHandleVerifier [0x00A4A813+48355]
	(No symbol) [0x009DC4B1]
	(No symbol) [0x008E5358]
	(No symbol) [0x009061AC]
	(No symbol) [0x00901EF3]
	(No symbol) [0x00900579]
	(No symbol) [0x00930C55]
	(No symbol) [0x0093093C]
	(No symbol) [0x0092A536]
	(No symbol) [0x009082DC]
	(No symbol) [0x009093DD]
	GetHandleVerifier [0x00CAAABD+2539405]
	GetHandleVerifier [0x00CEA78F+2800735]
	GetHandleVerifier [0x00CE456C+2775612]
	GetHandleVerifier [0x00AD51E0+616112]
	(No symbol) [0x009E5F8C]
	(No symbol) [0x009E2328]
	(No symbol) [0x009E240B]
	(No symbol) [0x009D4FF7]
	BaseThreadInitThunk [0x76C57BA9+25]
	RtlInitializeExceptionChain [0x77C8BDAB+107]
	RtlClearBits [0x77C8BD2F+191]
">
      <![CDATA[org.openqa.selenium.SessionNotCreatedException: session not created: This version of ChromeDriver only supports Chrome version 114
Current browser version is 122.0.6261.129 with binary path C:\Program Files (x86)\Google\Chrome\Application\chrome.exe
Build info: version: '3.141.59', revision: 'e82be7d358', time: '2018-11-14T08:17:03'
System info: host: 'HP', ip: '10.0.0.47', os.name: 'Windows 11', os.arch: 'amd64', os.version: '10.0', java.version: '11.0.16'
Driver info: driver.version: ChromeDriver
remote stacktrace: Backtrace:
	GetHandleVerifier [0x00A4A813+48355]
	(No symbol) [0x009DC4B1]
	(No symbol) [0x008E5358]
	(No symbol) [0x009061AC]
	(No symbol) [0x00901EF3]
	(No symbol) [0x00900579]
	(No symbol) [0x00930C55]
	(No symbol) [0x0093093C]
	(No symbol) [0x0092A536]
	(No symbol) [0x009082DC]
	(No symbol) [0x009093DD]
	GetHandleVerifier [0x00CAAABD+2539405]
	GetHandleVerifier [0x00CEA78F+2800735]
	GetHandleVerifier [0x00CE456C+2775612]
	GetHandleVerifier [0x00AD51E0+616112]
	(No symbol) [0x009E5F8C]
	(No symbol) [0x009E2328]
	(No symbol) [0x009E240B]
	(No symbol) [0x009D4FF7]
	BaseThreadInitThunk [0x76C57BA9+25]
	RtlInitializeExceptionChain [0x77C8BDAB+107]
	RtlClearBits [0x77C8BD2F+191]

	at org.openqa.selenium.remote.W3CHandshakeResponse.lambda$errorHandler$0(W3CHandshakeResponse.java:62)
	at org.openqa.selenium.remote.HandshakeResponse.lambda$getResponseFunction$0(HandshakeResponse.java:30)
	at org.openqa.selenium.remote.ProtocolHandshake.lambda$createSession$0(ProtocolHandshake.java:126)
	at java.base/java.util.stream.ReferencePipeline$3$1.accept(ReferencePipeline.java:195)
	at java.base/java.util.Spliterators$ArraySpliterator.tryAdvance(Spliterators.java:958)
	at java.base/java.util.stream.ReferencePipeline.forEachWithCancel(ReferencePipeline.java:127)
	at java.base/java.util.stream.AbstractPipeline.copyIntoWithCancel(AbstractPipeline.java:502)
	at java.base/java.util.stream.AbstractPipeline.copyInto(AbstractPipeline.java:488)
	at java.base/java.util.stream.AbstractPipeline.wrapAndCopyInto(AbstractPipeline.java:474)
	at java.base/java.util.stream.FindOps$FindOp.evaluateSequential(FindOps.java:150)
	at java.base/java.util.stream.AbstractPipeline.evaluate(AbstractPipeline.java:234)
	at java.base/java.util.stream.ReferencePipeline.findFirst(ReferencePipeline.java:543)
	at org.openqa.selenium.remote.ProtocolHandshake.createSession(ProtocolHandshake.java:128)
	at org.openqa.selenium.remote.ProtocolHandshake.createSession(ProtocolHandshake.java:74)
	at org.openqa.selenium.remote.HttpCommandExecutor.execute(HttpCommandExecutor.java:136)
	at org.openqa.selenium.remote.service.DriverCommandExecutor.execute(DriverCommandExecutor.java:83)
	at org.openqa.selenium.remote.RemoteWebDriver.execute(RemoteWebDriver.java:552)
	at org.openqa.selenium.remote.RemoteWebDriver.startSession(RemoteWebDriver.java:213)
	at org.openqa.selenium.remote.RemoteWebDriver.<init>(RemoteWebDriver.java:131)
	at org.openqa.selenium.chrome.ChromeDriver.<init>(ChromeDriver.java:181)
	at org.openqa.selenium.chrome.ChromeDriver.<init>(ChromeDriver.java:168)
	at org.openqa.selenium.chrome.ChromeDriver.<init>(ChromeDriver.java:123)
	at com.naveenautomation.TestBase.TestBase.setBrowserForTesting(TestBase.java:75)
	at com.naveenautomation.TestBase.TestBase.pageInitialisation(TestBase.java:29)
	at com.naveenautomation.tests.AddressBookPageTest.launchBrowser(AddressBookPageTest.java:25)
... Removed 35 stack frames]]>
    </failure>
  </testcase> <!-- @BeforeMethod launchBrowser -->
  <testcase classname="com.naveenautomation.tests.WishlistPageTest" name="@BeforeMethod launchBrowser" time="0.0">
    <failure type="org.openqa.selenium.SessionNotCreatedException" message="session not created: This version of ChromeDriver only supports Chrome version 114
Current browser version is 122.0.6261.129 with binary path C:\Program Files (x86)\Google\Chrome\Application\chrome.exe
Build info: version: &amp;apos;3.141.59&amp;apos;, revision: &amp;apos;e82be7d358&amp;apos;, time: &amp;apos;2018-11-14T08:17:03&amp;apos;
System info: host: &amp;apos;HP&amp;apos;, ip: &amp;apos;10.0.0.47&amp;apos;, os.name: &amp;apos;Windows 11&amp;apos;, os.arch: &amp;apos;amd64&amp;apos;, os.version: &amp;apos;10.0&amp;apos;, java.version: &amp;apos;11.0.16&amp;apos;
Driver info: driver.version: ChromeDriver
remote stacktrace: Backtrace:
	GetHandleVerifier [0x00A4A813+48355]
	(No symbol) [0x009DC4B1]
	(No symbol) [0x008E5358]
	(No symbol) [0x009061AC]
	(No symbol) [0x00901EF3]
	(No symbol) [0x00900579]
	(No symbol) [0x00930C55]
	(No symbol) [0x0093093C]
	(No symbol) [0x0092A536]
	(No symbol) [0x009082DC]
	(No symbol) [0x009093DD]
	GetHandleVerifier [0x00CAAABD+2539405]
	GetHandleVerifier [0x00CEA78F+2800735]
	GetHandleVerifier [0x00CE456C+2775612]
	GetHandleVerifier [0x00AD51E0+616112]
	(No symbol) [0x009E5F8C]
	(No symbol) [0x009E2328]
	(No symbol) [0x009E240B]
	(No symbol) [0x009D4FF7]
	BaseThreadInitThunk [0x76C57BA9+25]
	RtlInitializeExceptionChain [0x77C8BDAB+107]
	RtlClearBits [0x77C8BD2F+191]
">
      <![CDATA[org.openqa.selenium.SessionNotCreatedException: session not created: This version of ChromeDriver only supports Chrome version 114
Current browser version is 122.0.6261.129 with binary path C:\Program Files (x86)\Google\Chrome\Application\chrome.exe
Build info: version: '3.141.59', revision: 'e82be7d358', time: '2018-11-14T08:17:03'
System info: host: 'HP', ip: '10.0.0.47', os.name: 'Windows 11', os.arch: 'amd64', os.version: '10.0', java.version: '11.0.16'
Driver info: driver.version: ChromeDriver
remote stacktrace: Backtrace:
	GetHandleVerifier [0x00A4A813+48355]
	(No symbol) [0x009DC4B1]
	(No symbol) [0x008E5358]
	(No symbol) [0x009061AC]
	(No symbol) [0x00901EF3]
	(No symbol) [0x00900579]
	(No symbol) [0x00930C55]
	(No symbol) [0x0093093C]
	(No symbol) [0x0092A536]
	(No symbol) [0x009082DC]
	(No symbol) [0x009093DD]
	GetHandleVerifier [0x00CAAABD+2539405]
	GetHandleVerifier [0x00CEA78F+2800735]
	GetHandleVerifier [0x00CE456C+2775612]
	GetHandleVerifier [0x00AD51E0+616112]
	(No symbol) [0x009E5F8C]
	(No symbol) [0x009E2328]
	(No symbol) [0x009E240B]
	(No symbol) [0x009D4FF7]
	BaseThreadInitThunk [0x76C57BA9+25]
	RtlInitializeExceptionChain [0x77C8BDAB+107]
	RtlClearBits [0x77C8BD2F+191]

	at org.openqa.selenium.remote.W3CHandshakeResponse.lambda$errorHandler$0(W3CHandshakeResponse.java:62)
	at org.openqa.selenium.remote.HandshakeResponse.lambda$getResponseFunction$0(HandshakeResponse.java:30)
	at org.openqa.selenium.remote.ProtocolHandshake.lambda$createSession$0(ProtocolHandshake.java:126)
	at java.base/java.util.stream.ReferencePipeline$3$1.accept(ReferencePipeline.java:195)
	at java.base/java.util.Spliterators$ArraySpliterator.tryAdvance(Spliterators.java:958)
	at java.base/java.util.stream.ReferencePipeline.forEachWithCancel(ReferencePipeline.java:127)
	at java.base/java.util.stream.AbstractPipeline.copyIntoWithCancel(AbstractPipeline.java:502)
	at java.base/java.util.stream.AbstractPipeline.copyInto(AbstractPipeline.java:488)
	at java.base/java.util.stream.AbstractPipeline.wrapAndCopyInto(AbstractPipeline.java:474)
	at java.base/java.util.stream.FindOps$FindOp.evaluateSequential(FindOps.java:150)
	at java.base/java.util.stream.AbstractPipeline.evaluate(AbstractPipeline.java:234)
	at java.base/java.util.stream.ReferencePipeline.findFirst(ReferencePipeline.java:543)
	at org.openqa.selenium.remote.ProtocolHandshake.createSession(ProtocolHandshake.java:128)
	at org.openqa.selenium.remote.ProtocolHandshake.createSession(ProtocolHandshake.java:74)
	at org.openqa.selenium.remote.HttpCommandExecutor.execute(HttpCommandExecutor.java:136)
	at org.openqa.selenium.remote.service.DriverCommandExecutor.execute(DriverCommandExecutor.java:83)
	at org.openqa.selenium.remote.RemoteWebDriver.execute(RemoteWebDriver.java:552)
	at org.openqa.selenium.remote.RemoteWebDriver.startSession(RemoteWebDriver.java:213)
	at org.openqa.selenium.remote.RemoteWebDriver.<init>(RemoteWebDriver.java:131)
	at org.openqa.selenium.chrome.ChromeDriver.<init>(ChromeDriver.java:181)
	at org.openqa.selenium.chrome.ChromeDriver.<init>(ChromeDriver.java:168)
	at org.openqa.selenium.chrome.ChromeDriver.<init>(ChromeDriver.java:123)
	at com.naveenautomation.TestBase.TestBase.setBrowserForTesting(TestBase.java:75)
	at com.naveenautomation.TestBase.TestBase.pageInitialisation(TestBase.java:29)
	at com.naveenautomation.tests.WishlistPageTest.launchBrowser(WishlistPageTest.java:21)
... Removed 35 stack frames]]>
    </failure>
  </testcase> <!-- @BeforeMethod launchBrowser -->
  <testcase classname="com.naveenautomation.tests.CheckoutPageTest" name="@BeforeMethod launchBrowser" time="0.0">
    <failure type="org.openqa.selenium.SessionNotCreatedException" message="session not created: This version of ChromeDriver only supports Chrome version 114
Current browser version is 122.0.6261.129 with binary path C:\Program Files (x86)\Google\Chrome\Application\chrome.exe
Build info: version: &amp;apos;3.141.59&amp;apos;, revision: &amp;apos;e82be7d358&amp;apos;, time: &amp;apos;2018-11-14T08:17:03&amp;apos;
System info: host: &amp;apos;HP&amp;apos;, ip: &amp;apos;10.0.0.47&amp;apos;, os.name: &amp;apos;Windows 11&amp;apos;, os.arch: &amp;apos;amd64&amp;apos;, os.version: &amp;apos;10.0&amp;apos;, java.version: &amp;apos;11.0.16&amp;apos;
Driver info: driver.version: ChromeDriver
remote stacktrace: Backtrace:
	GetHandleVerifier [0x00A4A813+48355]
	(No symbol) [0x009DC4B1]
	(No symbol) [0x008E5358]
	(No symbol) [0x009061AC]
	(No symbol) [0x00901EF3]
	(No symbol) [0x00900579]
	(No symbol) [0x00930C55]
	(No symbol) [0x0093093C]
	(No symbol) [0x0092A536]
	(No symbol) [0x009082DC]
	(No symbol) [0x009093DD]
	GetHandleVerifier [0x00CAAABD+2539405]
	GetHandleVerifier [0x00CEA78F+2800735]
	GetHandleVerifier [0x00CE456C+2775612]
	GetHandleVerifier [0x00AD51E0+616112]
	(No symbol) [0x009E5F8C]
	(No symbol) [0x009E2328]
	(No symbol) [0x009E240B]
	(No symbol) [0x009D4FF7]
	BaseThreadInitThunk [0x76C57BA9+25]
	RtlInitializeExceptionChain [0x77C8BDAB+107]
	RtlClearBits [0x77C8BD2F+191]
">
      <![CDATA[org.openqa.selenium.SessionNotCreatedException: session not created: This version of ChromeDriver only supports Chrome version 114
Current browser version is 122.0.6261.129 with binary path C:\Program Files (x86)\Google\Chrome\Application\chrome.exe
Build info: version: '3.141.59', revision: 'e82be7d358', time: '2018-11-14T08:17:03'
System info: host: 'HP', ip: '10.0.0.47', os.name: 'Windows 11', os.arch: 'amd64', os.version: '10.0', java.version: '11.0.16'
Driver info: driver.version: ChromeDriver
remote stacktrace: Backtrace:
	GetHandleVerifier [0x00A4A813+48355]
	(No symbol) [0x009DC4B1]
	(No symbol) [0x008E5358]
	(No symbol) [0x009061AC]
	(No symbol) [0x00901EF3]
	(No symbol) [0x00900579]
	(No symbol) [0x00930C55]
	(No symbol) [0x0093093C]
	(No symbol) [0x0092A536]
	(No symbol) [0x009082DC]
	(No symbol) [0x009093DD]
	GetHandleVerifier [0x00CAAABD+2539405]
	GetHandleVerifier [0x00CEA78F+2800735]
	GetHandleVerifier [0x00CE456C+2775612]
	GetHandleVerifier [0x00AD51E0+616112]
	(No symbol) [0x009E5F8C]
	(No symbol) [0x009E2328]
	(No symbol) [0x009E240B]
	(No symbol) [0x009D4FF7]
	BaseThreadInitThunk [0x76C57BA9+25]
	RtlInitializeExceptionChain [0x77C8BDAB+107]
	RtlClearBits [0x77C8BD2F+191]

	at org.openqa.selenium.remote.W3CHandshakeResponse.lambda$errorHandler$0(W3CHandshakeResponse.java:62)
	at org.openqa.selenium.remote.HandshakeResponse.lambda$getResponseFunction$0(HandshakeResponse.java:30)
	at org.openqa.selenium.remote.ProtocolHandshake.lambda$createSession$0(ProtocolHandshake.java:126)
	at java.base/java.util.stream.ReferencePipeline$3$1.accept(ReferencePipeline.java:195)
	at java.base/java.util.Spliterators$ArraySpliterator.tryAdvance(Spliterators.java:958)
	at java.base/java.util.stream.ReferencePipeline.forEachWithCancel(ReferencePipeline.java:127)
	at java.base/java.util.stream.AbstractPipeline.copyIntoWithCancel(AbstractPipeline.java:502)
	at java.base/java.util.stream.AbstractPipeline.copyInto(AbstractPipeline.java:488)
	at java.base/java.util.stream.AbstractPipeline.wrapAndCopyInto(AbstractPipeline.java:474)
	at java.base/java.util.stream.FindOps$FindOp.evaluateSequential(FindOps.java:150)
	at java.base/java.util.stream.AbstractPipeline.evaluate(AbstractPipeline.java:234)
	at java.base/java.util.stream.ReferencePipeline.findFirst(ReferencePipeline.java:543)
	at org.openqa.selenium.remote.ProtocolHandshake.createSession(ProtocolHandshake.java:128)
	at org.openqa.selenium.remote.ProtocolHandshake.createSession(ProtocolHandshake.java:74)
	at org.openqa.selenium.remote.HttpCommandExecutor.execute(HttpCommandExecutor.java:136)
	at org.openqa.selenium.remote.service.DriverCommandExecutor.execute(DriverCommandExecutor.java:83)
	at org.openqa.selenium.remote.RemoteWebDriver.execute(RemoteWebDriver.java:552)
	at org.openqa.selenium.remote.RemoteWebDriver.startSession(RemoteWebDriver.java:213)
	at org.openqa.selenium.remote.RemoteWebDriver.<init>(RemoteWebDriver.java:131)
	at org.openqa.selenium.chrome.ChromeDriver.<init>(ChromeDriver.java:181)
	at org.openqa.selenium.chrome.ChromeDriver.<init>(ChromeDriver.java:168)
	at org.openqa.selenium.chrome.ChromeDriver.<init>(ChromeDriver.java:123)
	at com.naveenautomation.TestBase.TestBase.setBrowserForTesting(TestBase.java:75)
	at com.naveenautomation.TestBase.TestBase.pageInitialisation(TestBase.java:29)
	at com.naveenautomation.tests.CheckoutPageTest.launchBrowser(CheckoutPageTest.java:22)
... Removed 35 stack frames]]>
    </failure>
  </testcase> <!-- @BeforeMethod launchBrowser -->
  <testcase classname="com.naveenautomation.tests.ContactUsPageTest" name="@BeforeMethod launchBrowser" time="0.0">
    <failure type="org.openqa.selenium.SessionNotCreatedException" message="session not created: This version of ChromeDriver only supports Chrome version 114
Current browser version is 122.0.6261.129 with binary path C:\Program Files (x86)\Google\Chrome\Application\chrome.exe
Build info: version: &amp;apos;3.141.59&amp;apos;, revision: &amp;apos;e82be7d358&amp;apos;, time: &amp;apos;2018-11-14T08:17:03&amp;apos;
System info: host: &amp;apos;HP&amp;apos;, ip: &amp;apos;10.0.0.47&amp;apos;, os.name: &amp;apos;Windows 11&amp;apos;, os.arch: &amp;apos;amd64&amp;apos;, os.version: &amp;apos;10.0&amp;apos;, java.version: &amp;apos;11.0.16&amp;apos;
Driver info: driver.version: ChromeDriver
remote stacktrace: Backtrace:
	GetHandleVerifier [0x00A4A813+48355]
	(No symbol) [0x009DC4B1]
	(No symbol) [0x008E5358]
	(No symbol) [0x009061AC]
	(No symbol) [0x00901EF3]
	(No symbol) [0x00900579]
	(No symbol) [0x00930C55]
	(No symbol) [0x0093093C]
	(No symbol) [0x0092A536]
	(No symbol) [0x009082DC]
	(No symbol) [0x009093DD]
	GetHandleVerifier [0x00CAAABD+2539405]
	GetHandleVerifier [0x00CEA78F+2800735]
	GetHandleVerifier [0x00CE456C+2775612]
	GetHandleVerifier [0x00AD51E0+616112]
	(No symbol) [0x009E5F8C]
	(No symbol) [0x009E2328]
	(No symbol) [0x009E240B]
	(No symbol) [0x009D4FF7]
	BaseThreadInitThunk [0x76C57BA9+25]
	RtlInitializeExceptionChain [0x77C8BDAB+107]
	RtlClearBits [0x77C8BD2F+191]
">
      <![CDATA[org.openqa.selenium.SessionNotCreatedException: session not created: This version of ChromeDriver only supports Chrome version 114
Current browser version is 122.0.6261.129 with binary path C:\Program Files (x86)\Google\Chrome\Application\chrome.exe
Build info: version: '3.141.59', revision: 'e82be7d358', time: '2018-11-14T08:17:03'
System info: host: 'HP', ip: '10.0.0.47', os.name: 'Windows 11', os.arch: 'amd64', os.version: '10.0', java.version: '11.0.16'
Driver info: driver.version: ChromeDriver
remote stacktrace: Backtrace:
	GetHandleVerifier [0x00A4A813+48355]
	(No symbol) [0x009DC4B1]
	(No symbol) [0x008E5358]
	(No symbol) [0x009061AC]
	(No symbol) [0x00901EF3]
	(No symbol) [0x00900579]
	(No symbol) [0x00930C55]
	(No symbol) [0x0093093C]
	(No symbol) [0x0092A536]
	(No symbol) [0x009082DC]
	(No symbol) [0x009093DD]
	GetHandleVerifier [0x00CAAABD+2539405]
	GetHandleVerifier [0x00CEA78F+2800735]
	GetHandleVerifier [0x00CE456C+2775612]
	GetHandleVerifier [0x00AD51E0+616112]
	(No symbol) [0x009E5F8C]
	(No symbol) [0x009E2328]
	(No symbol) [0x009E240B]
	(No symbol) [0x009D4FF7]
	BaseThreadInitThunk [0x76C57BA9+25]
	RtlInitializeExceptionChain [0x77C8BDAB+107]
	RtlClearBits [0x77C8BD2F+191]

	at org.openqa.selenium.remote.W3CHandshakeResponse.lambda$errorHandler$0(W3CHandshakeResponse.java:62)
	at org.openqa.selenium.remote.HandshakeResponse.lambda$getResponseFunction$0(HandshakeResponse.java:30)
	at org.openqa.selenium.remote.ProtocolHandshake.lambda$createSession$0(ProtocolHandshake.java:126)
	at java.base/java.util.stream.ReferencePipeline$3$1.accept(ReferencePipeline.java:195)
	at java.base/java.util.Spliterators$ArraySpliterator.tryAdvance(Spliterators.java:958)
	at java.base/java.util.stream.ReferencePipeline.forEachWithCancel(ReferencePipeline.java:127)
	at java.base/java.util.stream.AbstractPipeline.copyIntoWithCancel(AbstractPipeline.java:502)
	at java.base/java.util.stream.AbstractPipeline.copyInto(AbstractPipeline.java:488)
	at java.base/java.util.stream.AbstractPipeline.wrapAndCopyInto(AbstractPipeline.java:474)
	at java.base/java.util.stream.FindOps$FindOp.evaluateSequential(FindOps.java:150)
	at java.base/java.util.stream.AbstractPipeline.evaluate(AbstractPipeline.java:234)
	at java.base/java.util.stream.ReferencePipeline.findFirst(ReferencePipeline.java:543)
	at org.openqa.selenium.remote.ProtocolHandshake.createSession(ProtocolHandshake.java:128)
	at org.openqa.selenium.remote.ProtocolHandshake.createSession(ProtocolHandshake.java:74)
	at org.openqa.selenium.remote.HttpCommandExecutor.execute(HttpCommandExecutor.java:136)
	at org.openqa.selenium.remote.service.DriverCommandExecutor.execute(DriverCommandExecutor.java:83)
	at org.openqa.selenium.remote.RemoteWebDriver.execute(RemoteWebDriver.java:552)
	at org.openqa.selenium.remote.RemoteWebDriver.startSession(RemoteWebDriver.java:213)
	at org.openqa.selenium.remote.RemoteWebDriver.<init>(RemoteWebDriver.java:131)
	at org.openqa.selenium.chrome.ChromeDriver.<init>(ChromeDriver.java:181)
	at org.openqa.selenium.chrome.ChromeDriver.<init>(ChromeDriver.java:168)
	at org.openqa.selenium.chrome.ChromeDriver.<init>(ChromeDriver.java:123)
	at com.naveenautomation.TestBase.TestBase.setBrowserForTesting(TestBase.java:75)
	at com.naveenautomation.TestBase.TestBase.pageInitialisation(TestBase.java:29)
	at com.naveenautomation.tests.ContactUsPageTest.launchBrowser(ContactUsPageTest.java:20)
... Removed 35 stack frames]]>
    </failure>
  </testcase> <!-- @BeforeMethod launchBrowser -->
  <testcase classname="com.naveenautomation.tests.DownloadsPageTest" name="@BeforeMethod launchBrowser" time="0.0">
    <failure type="org.openqa.selenium.SessionNotCreatedException" message="session not created: This version of ChromeDriver only supports Chrome version 114
Current browser version is 122.0.6261.129 with binary path C:\Program Files (x86)\Google\Chrome\Application\chrome.exe
Build info: version: &amp;apos;3.141.59&amp;apos;, revision: &amp;apos;e82be7d358&amp;apos;, time: &amp;apos;2018-11-14T08:17:03&amp;apos;
System info: host: &amp;apos;HP&amp;apos;, ip: &amp;apos;10.0.0.47&amp;apos;, os.name: &amp;apos;Windows 11&amp;apos;, os.arch: &amp;apos;amd64&amp;apos;, os.version: &amp;apos;10.0&amp;apos;, java.version: &amp;apos;11.0.16&amp;apos;
Driver info: driver.version: ChromeDriver
remote stacktrace: Backtrace:
	GetHandleVerifier [0x00A4A813+48355]
	(No symbol) [0x009DC4B1]
	(No symbol) [0x008E5358]
	(No symbol) [0x009061AC]
	(No symbol) [0x00901EF3]
	(No symbol) [0x00900579]
	(No symbol) [0x00930C55]
	(No symbol) [0x0093093C]
	(No symbol) [0x0092A536]
	(No symbol) [0x009082DC]
	(No symbol) [0x009093DD]
	GetHandleVerifier [0x00CAAABD+2539405]
	GetHandleVerifier [0x00CEA78F+2800735]
	GetHandleVerifier [0x00CE456C+2775612]
	GetHandleVerifier [0x00AD51E0+616112]
	(No symbol) [0x009E5F8C]
	(No symbol) [0x009E2328]
	(No symbol) [0x009E240B]
	(No symbol) [0x009D4FF7]
	BaseThreadInitThunk [0x76C57BA9+25]
	RtlInitializeExceptionChain [0x77C8BDAB+107]
	RtlClearBits [0x77C8BD2F+191]
">
      <![CDATA[org.openqa.selenium.SessionNotCreatedException: session not created: This version of ChromeDriver only supports Chrome version 114
Current browser version is 122.0.6261.129 with binary path C:\Program Files (x86)\Google\Chrome\Application\chrome.exe
Build info: version: '3.141.59', revision: 'e82be7d358', time: '2018-11-14T08:17:03'
System info: host: 'HP', ip: '10.0.0.47', os.name: 'Windows 11', os.arch: 'amd64', os.version: '10.0', java.version: '11.0.16'
Driver info: driver.version: ChromeDriver
remote stacktrace: Backtrace:
	GetHandleVerifier [0x00A4A813+48355]
	(No symbol) [0x009DC4B1]
	(No symbol) [0x008E5358]
	(No symbol) [0x009061AC]
	(No symbol) [0x00901EF3]
	(No symbol) [0x00900579]
	(No symbol) [0x00930C55]
	(No symbol) [0x0093093C]
	(No symbol) [0x0092A536]
	(No symbol) [0x009082DC]
	(No symbol) [0x009093DD]
	GetHandleVerifier [0x00CAAABD+2539405]
	GetHandleVerifier [0x00CEA78F+2800735]
	GetHandleVerifier [0x00CE456C+2775612]
	GetHandleVerifier [0x00AD51E0+616112]
	(No symbol) [0x009E5F8C]
	(No symbol) [0x009E2328]
	(No symbol) [0x009E240B]
	(No symbol) [0x009D4FF7]
	BaseThreadInitThunk [0x76C57BA9+25]
	RtlInitializeExceptionChain [0x77C8BDAB+107]
	RtlClearBits [0x77C8BD2F+191]

	at org.openqa.selenium.remote.W3CHandshakeResponse.lambda$errorHandler$0(W3CHandshakeResponse.java:62)
	at org.openqa.selenium.remote.HandshakeResponse.lambda$getResponseFunction$0(HandshakeResponse.java:30)
	at org.openqa.selenium.remote.ProtocolHandshake.lambda$createSession$0(ProtocolHandshake.java:126)
	at java.base/java.util.stream.ReferencePipeline$3$1.accept(ReferencePipeline.java:195)
	at java.base/java.util.Spliterators$ArraySpliterator.tryAdvance(Spliterators.java:958)
	at java.base/java.util.stream.ReferencePipeline.forEachWithCancel(ReferencePipeline.java:127)
	at java.base/java.util.stream.AbstractPipeline.copyIntoWithCancel(AbstractPipeline.java:502)
	at java.base/java.util.stream.AbstractPipeline.copyInto(AbstractPipeline.java:488)
	at java.base/java.util.stream.AbstractPipeline.wrapAndCopyInto(AbstractPipeline.java:474)
	at java.base/java.util.stream.FindOps$FindOp.evaluateSequential(FindOps.java:150)
	at java.base/java.util.stream.AbstractPipeline.evaluate(AbstractPipeline.java:234)
	at java.base/java.util.stream.ReferencePipeline.findFirst(ReferencePipeline.java:543)
	at org.openqa.selenium.remote.ProtocolHandshake.createSession(ProtocolHandshake.java:128)
	at org.openqa.selenium.remote.ProtocolHandshake.createSession(ProtocolHandshake.java:74)
	at org.openqa.selenium.remote.HttpCommandExecutor.execute(HttpCommandExecutor.java:136)
	at org.openqa.selenium.remote.service.DriverCommandExecutor.execute(DriverCommandExecutor.java:83)
	at org.openqa.selenium.remote.RemoteWebDriver.execute(RemoteWebDriver.java:552)
	at org.openqa.selenium.remote.RemoteWebDriver.startSession(RemoteWebDriver.java:213)
	at org.openqa.selenium.remote.RemoteWebDriver.<init>(RemoteWebDriver.java:131)
	at org.openqa.selenium.chrome.ChromeDriver.<init>(ChromeDriver.java:181)
	at org.openqa.selenium.chrome.ChromeDriver.<init>(ChromeDriver.java:168)
	at org.openqa.selenium.chrome.ChromeDriver.<init>(ChromeDriver.java:123)
	at com.naveenautomation.TestBase.TestBase.setBrowserForTesting(TestBase.java:75)
	at com.naveenautomation.TestBase.TestBase.pageInitialisation(TestBase.java:29)
	at com.naveenautomation.tests.DownloadsPageTest.launchBrowser(DownloadsPageTest.java:21)
... Removed 35 stack frames]]>
    </failure>
  </testcase> <!-- @BeforeMethod launchBrowser -->
  <testcase classname="com.naveenautomation.tests.GiftCertificatePageTest" name="@BeforeMethod launchBrowser" time="0.0">
    <failure type="org.openqa.selenium.SessionNotCreatedException" message="session not created: This version of ChromeDriver only supports Chrome version 114
Current browser version is 122.0.6261.129 with binary path C:\Program Files (x86)\Google\Chrome\Application\chrome.exe
Build info: version: &amp;apos;3.141.59&amp;apos;, revision: &amp;apos;e82be7d358&amp;apos;, time: &amp;apos;2018-11-14T08:17:03&amp;apos;
System info: host: &amp;apos;HP&amp;apos;, ip: &amp;apos;10.0.0.47&amp;apos;, os.name: &amp;apos;Windows 11&amp;apos;, os.arch: &amp;apos;amd64&amp;apos;, os.version: &amp;apos;10.0&amp;apos;, java.version: &amp;apos;11.0.16&amp;apos;
Driver info: driver.version: ChromeDriver
remote stacktrace: Backtrace:
	GetHandleVerifier [0x00A4A813+48355]
	(No symbol) [0x009DC4B1]
	(No symbol) [0x008E5358]
	(No symbol) [0x009061AC]
	(No symbol) [0x00901EF3]
	(No symbol) [0x00900579]
	(No symbol) [0x00930C55]
	(No symbol) [0x0093093C]
	(No symbol) [0x0092A536]
	(No symbol) [0x009082DC]
	(No symbol) [0x009093DD]
	GetHandleVerifier [0x00CAAABD+2539405]
	GetHandleVerifier [0x00CEA78F+2800735]
	GetHandleVerifier [0x00CE456C+2775612]
	GetHandleVerifier [0x00AD51E0+616112]
	(No symbol) [0x009E5F8C]
	(No symbol) [0x009E2328]
	(No symbol) [0x009E240B]
	(No symbol) [0x009D4FF7]
	BaseThreadInitThunk [0x76C57BA9+25]
	RtlInitializeExceptionChain [0x77C8BDAB+107]
	RtlClearBits [0x77C8BD2F+191]
">
      <![CDATA[org.openqa.selenium.SessionNotCreatedException: session not created: This version of ChromeDriver only supports Chrome version 114
Current browser version is 122.0.6261.129 with binary path C:\Program Files (x86)\Google\Chrome\Application\chrome.exe
Build info: version: '3.141.59', revision: 'e82be7d358', time: '2018-11-14T08:17:03'
System info: host: 'HP', ip: '10.0.0.47', os.name: 'Windows 11', os.arch: 'amd64', os.version: '10.0', java.version: '11.0.16'
Driver info: driver.version: ChromeDriver
remote stacktrace: Backtrace:
	GetHandleVerifier [0x00A4A813+48355]
	(No symbol) [0x009DC4B1]
	(No symbol) [0x008E5358]
	(No symbol) [0x009061AC]
	(No symbol) [0x00901EF3]
	(No symbol) [0x00900579]
	(No symbol) [0x00930C55]
	(No symbol) [0x0093093C]
	(No symbol) [0x0092A536]
	(No symbol) [0x009082DC]
	(No symbol) [0x009093DD]
	GetHandleVerifier [0x00CAAABD+2539405]
	GetHandleVerifier [0x00CEA78F+2800735]
	GetHandleVerifier [0x00CE456C+2775612]
	GetHandleVerifier [0x00AD51E0+616112]
	(No symbol) [0x009E5F8C]
	(No symbol) [0x009E2328]
	(No symbol) [0x009E240B]
	(No symbol) [0x009D4FF7]
	BaseThreadInitThunk [0x76C57BA9+25]
	RtlInitializeExceptionChain [0x77C8BDAB+107]
	RtlClearBits [0x77C8BD2F+191]

	at org.openqa.selenium.remote.W3CHandshakeResponse.lambda$errorHandler$0(W3CHandshakeResponse.java:62)
	at org.openqa.selenium.remote.HandshakeResponse.lambda$getResponseFunction$0(HandshakeResponse.java:30)
	at org.openqa.selenium.remote.ProtocolHandshake.lambda$createSession$0(ProtocolHandshake.java:126)
	at java.base/java.util.stream.ReferencePipeline$3$1.accept(ReferencePipeline.java:195)
	at java.base/java.util.Spliterators$ArraySpliterator.tryAdvance(Spliterators.java:958)
	at java.base/java.util.stream.ReferencePipeline.forEachWithCancel(ReferencePipeline.java:127)
	at java.base/java.util.stream.AbstractPipeline.copyIntoWithCancel(AbstractPipeline.java:502)
	at java.base/java.util.stream.AbstractPipeline.copyInto(AbstractPipeline.java:488)
	at java.base/java.util.stream.AbstractPipeline.wrapAndCopyInto(AbstractPipeline.java:474)
	at java.base/java.util.stream.FindOps$FindOp.evaluateSequential(FindOps.java:150)
	at java.base/java.util.stream.AbstractPipeline.evaluate(AbstractPipeline.java:234)
	at java.base/java.util.stream.ReferencePipeline.findFirst(ReferencePipeline.java:543)
	at org.openqa.selenium.remote.ProtocolHandshake.createSession(ProtocolHandshake.java:128)
	at org.openqa.selenium.remote.ProtocolHandshake.createSession(ProtocolHandshake.java:74)
	at org.openqa.selenium.remote.HttpCommandExecutor.execute(HttpCommandExecutor.java:136)
	at org.openqa.selenium.remote.service.DriverCommandExecutor.execute(DriverCommandExecutor.java:83)
	at org.openqa.selenium.remote.RemoteWebDriver.execute(RemoteWebDriver.java:552)
	at org.openqa.selenium.remote.RemoteWebDriver.startSession(RemoteWebDriver.java:213)
	at org.openqa.selenium.remote.RemoteWebDriver.<init>(RemoteWebDriver.java:131)
	at org.openqa.selenium.chrome.ChromeDriver.<init>(ChromeDriver.java:181)
	at org.openqa.selenium.chrome.ChromeDriver.<init>(ChromeDriver.java:168)
	at org.openqa.selenium.chrome.ChromeDriver.<init>(ChromeDriver.java:123)
	at com.naveenautomation.TestBase.TestBase.setBrowserForTesting(TestBase.java:75)
	at com.naveenautomation.TestBase.TestBase.pageInitialisation(TestBase.java:29)
	at com.naveenautomation.tests.GiftCertificatePageTest.launchBrowser(GiftCertificatePageTest.java:21)
... Removed 35 stack frames]]>
    </failure>
  </testcase> <!-- @BeforeMethod launchBrowser -->
  <testcase classname="com.naveenautomation.tests.MyAccountPageTest" name="@BeforeMethod launchBrowser" time="0.0">
    <failure type="org.openqa.selenium.SessionNotCreatedException" message="session not created: This version of ChromeDriver only supports Chrome version 114
Current browser version is 122.0.6261.129 with binary path C:\Program Files (x86)\Google\Chrome\Application\chrome.exe
Build info: version: &amp;apos;3.141.59&amp;apos;, revision: &amp;apos;e82be7d358&amp;apos;, time: &amp;apos;2018-11-14T08:17:03&amp;apos;
System info: host: &amp;apos;HP&amp;apos;, ip: &amp;apos;10.0.0.47&amp;apos;, os.name: &amp;apos;Windows 11&amp;apos;, os.arch: &amp;apos;amd64&amp;apos;, os.version: &amp;apos;10.0&amp;apos;, java.version: &amp;apos;11.0.16&amp;apos;
Driver info: driver.version: ChromeDriver
remote stacktrace: Backtrace:
	GetHandleVerifier [0x00A4A813+48355]
	(No symbol) [0x009DC4B1]
	(No symbol) [0x008E5358]
	(No symbol) [0x009061AC]
	(No symbol) [0x00901EF3]
	(No symbol) [0x00900579]
	(No symbol) [0x00930C55]
	(No symbol) [0x0093093C]
	(No symbol) [0x0092A536]
	(No symbol) [0x009082DC]
	(No symbol) [0x009093DD]
	GetHandleVerifier [0x00CAAABD+2539405]
	GetHandleVerifier [0x00CEA78F+2800735]
	GetHandleVerifier [0x00CE456C+2775612]
	GetHandleVerifier [0x00AD51E0+616112]
	(No symbol) [0x009E5F8C]
	(No symbol) [0x009E2328]
	(No symbol) [0x009E240B]
	(No symbol) [0x009D4FF7]
	BaseThreadInitThunk [0x76C57BA9+25]
	RtlInitializeExceptionChain [0x77C8BDAB+107]
	RtlClearBits [0x77C8BD2F+191]
">
      <![CDATA[org.openqa.selenium.SessionNotCreatedException: session not created: This version of ChromeDriver only supports Chrome version 114
Current browser version is 122.0.6261.129 with binary path C:\Program Files (x86)\Google\Chrome\Application\chrome.exe
Build info: version: '3.141.59', revision: 'e82be7d358', time: '2018-11-14T08:17:03'
System info: host: 'HP', ip: '10.0.0.47', os.name: 'Windows 11', os.arch: 'amd64', os.version: '10.0', java.version: '11.0.16'
Driver info: driver.version: ChromeDriver
remote stacktrace: Backtrace:
	GetHandleVerifier [0x00A4A813+48355]
	(No symbol) [0x009DC4B1]
	(No symbol) [0x008E5358]
	(No symbol) [0x009061AC]
	(No symbol) [0x00901EF3]
	(No symbol) [0x00900579]
	(No symbol) [0x00930C55]
	(No symbol) [0x0093093C]
	(No symbol) [0x0092A536]
	(No symbol) [0x009082DC]
	(No symbol) [0x009093DD]
	GetHandleVerifier [0x00CAAABD+2539405]
	GetHandleVerifier [0x00CEA78F+2800735]
	GetHandleVerifier [0x00CE456C+2775612]
	GetHandleVerifier [0x00AD51E0+616112]
	(No symbol) [0x009E5F8C]
	(No symbol) [0x009E2328]
	(No symbol) [0x009E240B]
	(No symbol) [0x009D4FF7]
	BaseThreadInitThunk [0x76C57BA9+25]
	RtlInitializeExceptionChain [0x77C8BDAB+107]
	RtlClearBits [0x77C8BD2F+191]

	at org.openqa.selenium.remote.W3CHandshakeResponse.lambda$errorHandler$0(W3CHandshakeResponse.java:62)
	at org.openqa.selenium.remote.HandshakeResponse.lambda$getResponseFunction$0(HandshakeResponse.java:30)
	at org.openqa.selenium.remote.ProtocolHandshake.lambda$createSession$0(ProtocolHandshake.java:126)
	at java.base/java.util.stream.ReferencePipeline$3$1.accept(ReferencePipeline.java:195)
	at java.base/java.util.Spliterators$ArraySpliterator.tryAdvance(Spliterators.java:958)
	at java.base/java.util.stream.ReferencePipeline.forEachWithCancel(ReferencePipeline.java:127)
	at java.base/java.util.stream.AbstractPipeline.copyIntoWithCancel(AbstractPipeline.java:502)
	at java.base/java.util.stream.AbstractPipeline.copyInto(AbstractPipeline.java:488)
	at java.base/java.util.stream.AbstractPipeline.wrapAndCopyInto(AbstractPipeline.java:474)
	at java.base/java.util.stream.FindOps$FindOp.evaluateSequential(FindOps.java:150)
	at java.base/java.util.stream.AbstractPipeline.evaluate(AbstractPipeline.java:234)
	at java.base/java.util.stream.ReferencePipeline.findFirst(ReferencePipeline.java:543)
	at org.openqa.selenium.remote.ProtocolHandshake.createSession(ProtocolHandshake.java:128)
	at org.openqa.selenium.remote.ProtocolHandshake.createSession(ProtocolHandshake.java:74)
	at org.openqa.selenium.remote.HttpCommandExecutor.execute(HttpCommandExecutor.java:136)
	at org.openqa.selenium.remote.service.DriverCommandExecutor.execute(DriverCommandExecutor.java:83)
	at org.openqa.selenium.remote.RemoteWebDriver.execute(RemoteWebDriver.java:552)
	at org.openqa.selenium.remote.RemoteWebDriver.startSession(RemoteWebDriver.java:213)
	at org.openqa.selenium.remote.RemoteWebDriver.<init>(RemoteWebDriver.java:131)
	at org.openqa.selenium.chrome.ChromeDriver.<init>(ChromeDriver.java:181)
	at org.openqa.selenium.chrome.ChromeDriver.<init>(ChromeDriver.java:168)
	at org.openqa.selenium.chrome.ChromeDriver.<init>(ChromeDriver.java:123)
	at com.naveenautomation.TestBase.TestBase.setBrowserForTesting(TestBase.java:75)
	at com.naveenautomation.TestBase.TestBase.pageInitialisation(TestBase.java:29)
	at com.naveenautomation.tests.MyAccountPageTest.launchBrowser(MyAccountPageTest.java:21)
... Removed 35 stack frames]]>
    </failure>
  </testcase> <!-- @BeforeMethod launchBrowser -->
  <testcase classname="com.naveenautomation.tests.MyAccountPageTest" name="@BeforeMethod launchBrowser" time="0.0">
    <skipped/>
  </testcase> <!-- @BeforeMethod launchBrowser -->
  <testcase classname="com.naveenautomation.tests.MyAccountPageTest" name="@BeforeMethod launchBrowser" time="0.0">
    <skipped/>
  </testcase> <!-- @BeforeMethod launchBrowser -->
  <testcase classname="com.naveenautomation.tests.OrderHistoryPageTest" name="@BeforeMethod launchBrowser" time="0.0">
    <failure type="org.openqa.selenium.SessionNotCreatedException" message="session not created: This version of ChromeDriver only supports Chrome version 114
Current browser version is 122.0.6261.129 with binary path C:\Program Files (x86)\Google\Chrome\Application\chrome.exe
Build info: version: &amp;apos;3.141.59&amp;apos;, revision: &amp;apos;e82be7d358&amp;apos;, time: &amp;apos;2018-11-14T08:17:03&amp;apos;
System info: host: &amp;apos;HP&amp;apos;, ip: &amp;apos;10.0.0.47&amp;apos;, os.name: &amp;apos;Windows 11&amp;apos;, os.arch: &amp;apos;amd64&amp;apos;, os.version: &amp;apos;10.0&amp;apos;, java.version: &amp;apos;11.0.16&amp;apos;
Driver info: driver.version: ChromeDriver
remote stacktrace: Backtrace:
	GetHandleVerifier [0x00A4A813+48355]
	(No symbol) [0x009DC4B1]
	(No symbol) [0x008E5358]
	(No symbol) [0x009061AC]
	(No symbol) [0x00901EF3]
	(No symbol) [0x00900579]
	(No symbol) [0x00930C55]
	(No symbol) [0x0093093C]
	(No symbol) [0x0092A536]
	(No symbol) [0x009082DC]
	(No symbol) [0x009093DD]
	GetHandleVerifier [0x00CAAABD+2539405]
	GetHandleVerifier [0x00CEA78F+2800735]
	GetHandleVerifier [0x00CE456C+2775612]
	GetHandleVerifier [0x00AD51E0+616112]
	(No symbol) [0x009E5F8C]
	(No symbol) [0x009E2328]
	(No symbol) [0x009E240B]
	(No symbol) [0x009D4FF7]
	BaseThreadInitThunk [0x76C57BA9+25]
	RtlInitializeExceptionChain [0x77C8BDAB+107]
	RtlClearBits [0x77C8BD2F+191]
">
      <![CDATA[org.openqa.selenium.SessionNotCreatedException: session not created: This version of ChromeDriver only supports Chrome version 114
Current browser version is 122.0.6261.129 with binary path C:\Program Files (x86)\Google\Chrome\Application\chrome.exe
Build info: version: '3.141.59', revision: 'e82be7d358', time: '2018-11-14T08:17:03'
System info: host: 'HP', ip: '10.0.0.47', os.name: 'Windows 11', os.arch: 'amd64', os.version: '10.0', java.version: '11.0.16'
Driver info: driver.version: ChromeDriver
remote stacktrace: Backtrace:
	GetHandleVerifier [0x00A4A813+48355]
	(No symbol) [0x009DC4B1]
	(No symbol) [0x008E5358]
	(No symbol) [0x009061AC]
	(No symbol) [0x00901EF3]
	(No symbol) [0x00900579]
	(No symbol) [0x00930C55]
	(No symbol) [0x0093093C]
	(No symbol) [0x0092A536]
	(No symbol) [0x009082DC]
	(No symbol) [0x009093DD]
	GetHandleVerifier [0x00CAAABD+2539405]
	GetHandleVerifier [0x00CEA78F+2800735]
	GetHandleVerifier [0x00CE456C+2775612]
	GetHandleVerifier [0x00AD51E0+616112]
	(No symbol) [0x009E5F8C]
	(No symbol) [0x009E2328]
	(No symbol) [0x009E240B]
	(No symbol) [0x009D4FF7]
	BaseThreadInitThunk [0x76C57BA9+25]
	RtlInitializeExceptionChain [0x77C8BDAB+107]
	RtlClearBits [0x77C8BD2F+191]

	at org.openqa.selenium.remote.W3CHandshakeResponse.lambda$errorHandler$0(W3CHandshakeResponse.java:62)
	at org.openqa.selenium.remote.HandshakeResponse.lambda$getResponseFunction$0(HandshakeResponse.java:30)
	at org.openqa.selenium.remote.ProtocolHandshake.lambda$createSession$0(ProtocolHandshake.java:126)
	at java.base/java.util.stream.ReferencePipeline$3$1.accept(ReferencePipeline.java:195)
	at java.base/java.util.Spliterators$ArraySpliterator.tryAdvance(Spliterators.java:958)
	at java.base/java.util.stream.ReferencePipeline.forEachWithCancel(ReferencePipeline.java:127)
	at java.base/java.util.stream.AbstractPipeline.copyIntoWithCancel(AbstractPipeline.java:502)
	at java.base/java.util.stream.AbstractPipeline.copyInto(AbstractPipeline.java:488)
	at java.base/java.util.stream.AbstractPipeline.wrapAndCopyInto(AbstractPipeline.java:474)
	at java.base/java.util.stream.FindOps$FindOp.evaluateSequential(FindOps.java:150)
	at java.base/java.util.stream.AbstractPipeline.evaluate(AbstractPipeline.java:234)
	at java.base/java.util.stream.ReferencePipeline.findFirst(ReferencePipeline.java:543)
	at org.openqa.selenium.remote.ProtocolHandshake.createSession(ProtocolHandshake.java:128)
	at org.openqa.selenium.remote.ProtocolHandshake.createSession(ProtocolHandshake.java:74)
	at org.openqa.selenium.remote.HttpCommandExecutor.execute(HttpCommandExecutor.java:136)
	at org.openqa.selenium.remote.service.DriverCommandExecutor.execute(DriverCommandExecutor.java:83)
	at org.openqa.selenium.remote.RemoteWebDriver.execute(RemoteWebDriver.java:552)
	at org.openqa.selenium.remote.RemoteWebDriver.startSession(RemoteWebDriver.java:213)
	at org.openqa.selenium.remote.RemoteWebDriver.<init>(RemoteWebDriver.java:131)
	at org.openqa.selenium.chrome.ChromeDriver.<init>(ChromeDriver.java:181)
	at org.openqa.selenium.chrome.ChromeDriver.<init>(ChromeDriver.java:168)
	at org.openqa.selenium.chrome.ChromeDriver.<init>(ChromeDriver.java:123)
	at com.naveenautomation.TestBase.TestBase.setBrowserForTesting(TestBase.java:75)
	at com.naveenautomation.TestBase.TestBase.pageInitialisation(TestBase.java:29)
	at com.naveenautomation.tests.OrderHistoryPageTest.launchBrowser(OrderHistoryPageTest.java:21)
... Removed 35 stack frames]]>
    </failure>
  </testcase> <!-- @BeforeMethod launchBrowser -->
  <testcase classname="com.naveenautomation.tests.ReturnRequestTest" name="@BeforeMethod launchBrowser" time="0.0">
    <failure type="org.openqa.selenium.SessionNotCreatedException" message="session not created: This version of ChromeDriver only supports Chrome version 114
Current browser version is 122.0.6261.129 with binary path C:\Program Files (x86)\Google\Chrome\Application\chrome.exe
Build info: version: &amp;apos;3.141.59&amp;apos;, revision: &amp;apos;e82be7d358&amp;apos;, time: &amp;apos;2018-11-14T08:17:03&amp;apos;
System info: host: &amp;apos;HP&amp;apos;, ip: &amp;apos;10.0.0.47&amp;apos;, os.name: &amp;apos;Windows 11&amp;apos;, os.arch: &amp;apos;amd64&amp;apos;, os.version: &amp;apos;10.0&amp;apos;, java.version: &amp;apos;11.0.16&amp;apos;
Driver info: driver.version: ChromeDriver
remote stacktrace: Backtrace:
	GetHandleVerifier [0x00A4A813+48355]
	(No symbol) [0x009DC4B1]
	(No symbol) [0x008E5358]
	(No symbol) [0x009061AC]
	(No symbol) [0x00901EF3]
	(No symbol) [0x00900579]
	(No symbol) [0x00930C55]
	(No symbol) [0x0093093C]
	(No symbol) [0x0092A536]
	(No symbol) [0x009082DC]
	(No symbol) [0x009093DD]
	GetHandleVerifier [0x00CAAABD+2539405]
	GetHandleVerifier [0x00CEA78F+2800735]
	GetHandleVerifier [0x00CE456C+2775612]
	GetHandleVerifier [0x00AD51E0+616112]
	(No symbol) [0x009E5F8C]
	(No symbol) [0x009E2328]
	(No symbol) [0x009E240B]
	(No symbol) [0x009D4FF7]
	BaseThreadInitThunk [0x76C57BA9+25]
	RtlInitializeExceptionChain [0x77C8BDAB+107]
	RtlClearBits [0x77C8BD2F+191]
">
      <![CDATA[org.openqa.selenium.SessionNotCreatedException: session not created: This version of ChromeDriver only supports Chrome version 114
Current browser version is 122.0.6261.129 with binary path C:\Program Files (x86)\Google\Chrome\Application\chrome.exe
Build info: version: '3.141.59', revision: 'e82be7d358', time: '2018-11-14T08:17:03'
System info: host: 'HP', ip: '10.0.0.47', os.name: 'Windows 11', os.arch: 'amd64', os.version: '10.0', java.version: '11.0.16'
Driver info: driver.version: ChromeDriver
remote stacktrace: Backtrace:
	GetHandleVerifier [0x00A4A813+48355]
	(No symbol) [0x009DC4B1]
	(No symbol) [0x008E5358]
	(No symbol) [0x009061AC]
	(No symbol) [0x00901EF3]
	(No symbol) [0x00900579]
	(No symbol) [0x00930C55]
	(No symbol) [0x0093093C]
	(No symbol) [0x0092A536]
	(No symbol) [0x009082DC]
	(No symbol) [0x009093DD]
	GetHandleVerifier [0x00CAAABD+2539405]
	GetHandleVerifier [0x00CEA78F+2800735]
	GetHandleVerifier [0x00CE456C+2775612]
	GetHandleVerifier [0x00AD51E0+616112]
	(No symbol) [0x009E5F8C]
	(No symbol) [0x009E2328]
	(No symbol) [0x009E240B]
	(No symbol) [0x009D4FF7]
	BaseThreadInitThunk [0x76C57BA9+25]
	RtlInitializeExceptionChain [0x77C8BDAB+107]
	RtlClearBits [0x77C8BD2F+191]

	at org.openqa.selenium.remote.W3CHandshakeResponse.lambda$errorHandler$0(W3CHandshakeResponse.java:62)
	at org.openqa.selenium.remote.HandshakeResponse.lambda$getResponseFunction$0(HandshakeResponse.java:30)
	at org.openqa.selenium.remote.ProtocolHandshake.lambda$createSession$0(ProtocolHandshake.java:126)
	at java.base/java.util.stream.ReferencePipeline$3$1.accept(ReferencePipeline.java:195)
	at java.base/java.util.Spliterators$ArraySpliterator.tryAdvance(Spliterators.java:958)
	at java.base/java.util.stream.ReferencePipeline.forEachWithCancel(ReferencePipeline.java:127)
	at java.base/java.util.stream.AbstractPipeline.copyIntoWithCancel(AbstractPipeline.java:502)
	at java.base/java.util.stream.AbstractPipeline.copyInto(AbstractPipeline.java:488)
	at java.base/java.util.stream.AbstractPipeline.wrapAndCopyInto(AbstractPipeline.java:474)
	at java.base/java.util.stream.FindOps$FindOp.evaluateSequential(FindOps.java:150)
	at java.base/java.util.stream.AbstractPipeline.evaluate(AbstractPipeline.java:234)
	at java.base/java.util.stream.ReferencePipeline.findFirst(ReferencePipeline.java:543)
	at org.openqa.selenium.remote.ProtocolHandshake.createSession(ProtocolHandshake.java:128)
	at org.openqa.selenium.remote.ProtocolHandshake.createSession(ProtocolHandshake.java:74)
	at org.openqa.selenium.remote.HttpCommandExecutor.execute(HttpCommandExecutor.java:136)
	at org.openqa.selenium.remote.service.DriverCommandExecutor.execute(DriverCommandExecutor.java:83)
	at org.openqa.selenium.remote.RemoteWebDriver.execute(RemoteWebDriver.java:552)
	at org.openqa.selenium.remote.RemoteWebDriver.startSession(RemoteWebDriver.java:213)
	at org.openqa.selenium.remote.RemoteWebDriver.<init>(RemoteWebDriver.java:131)
	at org.openqa.selenium.chrome.ChromeDriver.<init>(ChromeDriver.java:181)
	at org.openqa.selenium.chrome.ChromeDriver.<init>(ChromeDriver.java:168)
	at org.openqa.selenium.chrome.ChromeDriver.<init>(ChromeDriver.java:123)
	at com.naveenautomation.TestBase.TestBase.setBrowserForTesting(TestBase.java:75)
	at com.naveenautomation.TestBase.TestBase.pageInitialisation(TestBase.java:29)
	at com.naveenautomation.tests.ReturnRequestTest.launchBrowser(ReturnRequestTest.java:21)
... Removed 35 stack frames]]>
    </failure>
  </testcase> <!-- @BeforeMethod launchBrowser -->
  <testcase classname="com.naveenautomation.tests.RewardPointsPageTest" name="@BeforeMethod launchBrowser" time="0.0">
    <failure type="org.openqa.selenium.SessionNotCreatedException" message="session not created: This version of ChromeDriver only supports Chrome version 114
Current browser version is 122.0.6261.129 with binary path C:\Program Files (x86)\Google\Chrome\Application\chrome.exe
Build info: version: &amp;apos;3.141.59&amp;apos;, revision: &amp;apos;e82be7d358&amp;apos;, time: &amp;apos;2018-11-14T08:17:03&amp;apos;
System info: host: &amp;apos;HP&amp;apos;, ip: &amp;apos;10.0.0.47&amp;apos;, os.name: &amp;apos;Windows 11&amp;apos;, os.arch: &amp;apos;amd64&amp;apos;, os.version: &amp;apos;10.0&amp;apos;, java.version: &amp;apos;11.0.16&amp;apos;
Driver info: driver.version: ChromeDriver
remote stacktrace: Backtrace:
	GetHandleVerifier [0x00A4A813+48355]
	(No symbol) [0x009DC4B1]
	(No symbol) [0x008E5358]
	(No symbol) [0x009061AC]
	(No symbol) [0x00901EF3]
	(No symbol) [0x00900579]
	(No symbol) [0x00930C55]
	(No symbol) [0x0093093C]
	(No symbol) [0x0092A536]
	(No symbol) [0x009082DC]
	(No symbol) [0x009093DD]
	GetHandleVerifier [0x00CAAABD+2539405]
	GetHandleVerifier [0x00CEA78F+2800735]
	GetHandleVerifier [0x00CE456C+2775612]
	GetHandleVerifier [0x00AD51E0+616112]
	(No symbol) [0x009E5F8C]
	(No symbol) [0x009E2328]
	(No symbol) [0x009E240B]
	(No symbol) [0x009D4FF7]
	BaseThreadInitThunk [0x76C57BA9+25]
	RtlInitializeExceptionChain [0x77C8BDAB+107]
	RtlClearBits [0x77C8BD2F+191]
">
      <![CDATA[org.openqa.selenium.SessionNotCreatedException: session not created: This version of ChromeDriver only supports Chrome version 114
Current browser version is 122.0.6261.129 with binary path C:\Program Files (x86)\Google\Chrome\Application\chrome.exe
Build info: version: '3.141.59', revision: 'e82be7d358', time: '2018-11-14T08:17:03'
System info: host: 'HP', ip: '10.0.0.47', os.name: 'Windows 11', os.arch: 'amd64', os.version: '10.0', java.version: '11.0.16'
Driver info: driver.version: ChromeDriver
remote stacktrace: Backtrace:
	GetHandleVerifier [0x00A4A813+48355]
	(No symbol) [0x009DC4B1]
	(No symbol) [0x008E5358]
	(No symbol) [0x009061AC]
	(No symbol) [0x00901EF3]
	(No symbol) [0x00900579]
	(No symbol) [0x00930C55]
	(No symbol) [0x0093093C]
	(No symbol) [0x0092A536]
	(No symbol) [0x009082DC]
	(No symbol) [0x009093DD]
	GetHandleVerifier [0x00CAAABD+2539405]
	GetHandleVerifier [0x00CEA78F+2800735]
	GetHandleVerifier [0x00CE456C+2775612]
	GetHandleVerifier [0x00AD51E0+616112]
	(No symbol) [0x009E5F8C]
	(No symbol) [0x009E2328]
	(No symbol) [0x009E240B]
	(No symbol) [0x009D4FF7]
	BaseThreadInitThunk [0x76C57BA9+25]
	RtlInitializeExceptionChain [0x77C8BDAB+107]
	RtlClearBits [0x77C8BD2F+191]

	at org.openqa.selenium.remote.W3CHandshakeResponse.lambda$errorHandler$0(W3CHandshakeResponse.java:62)
	at org.openqa.selenium.remote.HandshakeResponse.lambda$getResponseFunction$0(HandshakeResponse.java:30)
	at org.openqa.selenium.remote.ProtocolHandshake.lambda$createSession$0(ProtocolHandshake.java:126)
	at java.base/java.util.stream.ReferencePipeline$3$1.accept(ReferencePipeline.java:195)
	at java.base/java.util.Spliterators$ArraySpliterator.tryAdvance(Spliterators.java:958)
	at java.base/java.util.stream.ReferencePipeline.forEachWithCancel(ReferencePipeline.java:127)
	at java.base/java.util.stream.AbstractPipeline.copyIntoWithCancel(AbstractPipeline.java:502)
	at java.base/java.util.stream.AbstractPipeline.copyInto(AbstractPipeline.java:488)
	at java.base/java.util.stream.AbstractPipeline.wrapAndCopyInto(AbstractPipeline.java:474)
	at java.base/java.util.stream.FindOps$FindOp.evaluateSequential(FindOps.java:150)
	at java.base/java.util.stream.AbstractPipeline.evaluate(AbstractPipeline.java:234)
	at java.base/java.util.stream.ReferencePipeline.findFirst(ReferencePipeline.java:543)
	at org.openqa.selenium.remote.ProtocolHandshake.createSession(ProtocolHandshake.java:128)
	at org.openqa.selenium.remote.ProtocolHandshake.createSession(ProtocolHandshake.java:74)
	at org.openqa.selenium.remote.HttpCommandExecutor.execute(HttpCommandExecutor.java:136)
	at org.openqa.selenium.remote.service.DriverCommandExecutor.execute(DriverCommandExecutor.java:83)
	at org.openqa.selenium.remote.RemoteWebDriver.execute(RemoteWebDriver.java:552)
	at org.openqa.selenium.remote.RemoteWebDriver.startSession(RemoteWebDriver.java:213)
	at org.openqa.selenium.remote.RemoteWebDriver.<init>(RemoteWebDriver.java:131)
	at org.openqa.selenium.chrome.ChromeDriver.<init>(ChromeDriver.java:181)
	at org.openqa.selenium.chrome.ChromeDriver.<init>(ChromeDriver.java:168)
	at org.openqa.selenium.chrome.ChromeDriver.<init>(ChromeDriver.java:123)
	at com.naveenautomation.TestBase.TestBase.setBrowserForTesting(TestBase.java:75)
	at com.naveenautomation.TestBase.TestBase.pageInitialisation(TestBase.java:29)
	at com.naveenautomation.tests.RewardPointsPageTest.launchBrowser(RewardPointsPageTest.java:21)
... Removed 35 stack frames]]>
    </failure>
  </testcase> <!-- @BeforeMethod launchBrowser -->
  <testcase classname="com.naveenautomation.tests.AddressBookPageTest" name="validateNewAddressAddition" time="0.004">
    <skipped/>
  </testcase> <!-- validateNewAddressAddition -->
  <testcase classname="com.naveenautomation.tests.WishlistPageTest" name="validateNewAddressAddition" time="0.0">
    <skipped/>
  </testcase> <!-- validateNewAddressAddition -->
  <testcase classname="com.naveenautomation.tests.CheckoutPageTest" name="validateCheckout" time="0.0">
    <skipped/>
  </testcase> <!-- validateCheckout -->
  <testcase classname="com.naveenautomation.tests.ContactUsPageTest" name="validateContactUs" time="0.0">
    <skipped/>
  </testcase> <!-- validateContactUs -->
  <testcase classname="com.naveenautomation.tests.DownloadsPageTest" name="validateNewsletter" time="0.001">
    <skipped/>
  </testcase> <!-- validateNewsletter -->
  <testcase classname="com.naveenautomation.tests.GiftCertificatePageTest" name="validateGiftCertificate" time="0.0">
    <skipped/>
  </testcase> <!-- validateGiftCertificate -->
  <testcase classname="com.naveenautomation.tests.MyAccountPageTest" name="validateAdditionToWishlist" time="0.0">
    <skipped/>
  </testcase> <!-- validateAdditionToWishlist -->
  <testcase classname="com.naveenautomation.tests.MyAccountPageTest" name="validateNewsletter" time="0.0">
    <skipped/>
  </testcase> <!-- validateNewsletter -->
  <testcase classname="com.naveenautomation.tests.MyAccountPageTest" name="validatePasswordChange" time="0.0">
    <skipped/>
  </testcase> <!-- validatePasswordChange -->
  <testcase classname="com.naveenautomation.tests.OrderHistoryPageTest" name="validateAdditionToWishlist" time="0.0">
    <skipped/>
  </testcase> <!-- validateAdditionToWishlist -->
  <testcase classname="com.naveenautomation.tests.ReturnRequestTest" name="validateRewardPoints" time="0.0">
    <skipped/>
  </testcase> <!-- validateRewardPoints -->
  <testcase classname="com.naveenautomation.tests.RewardPointsPageTest" name="validateRewardPoints" time="0.0">
    <skipped/>
  </testcase> <!-- validateRewardPoints -->
</testsuite> <!-- Surefire test -->
