<!DOCTYPE html PUBLIC "-//W3C//DTD XHTML 1.1//EN" "http://www.w3.org/TR/xhtml11/DTD/xhtml11.dtd">
<html xmlns="http://www.w3.org/1999/xhtml"><head><title>TestNG Report</title><style type="text/css">table {margin-bottom:10px;border-collapse:collapse;empty-cells:show}th,td {border:1px solid #009;padding:.25em .5em}th {vertical-align:bottom}td {vertical-align:top}table a {font-weight:bold}.stripe td {background-color: #E6EBF9}.num {text-align:right}.passedodd td {background-color: #3F3}.passedeven td {background-color: #0A0}.skippedodd td {background-color: #DDD}.skippedeven td {background-color: #CCC}.failedodd td,.attn {background-color: #F33}.failedeven td,.stripe .attn {background-color: #D00}.stacktrace {white-space:pre;font-family:monospace}.totop {font-size:85%;text-align:center;border-bottom:2px solid #000}</style></head><body><table><tr><th>Test</th><th># Passed</th><th># Skipped</th><th># Failed</th><th>Time (ms)</th><th>Included Groups</th><th>Excluded Groups</th></tr><tr><th colspan="7">Surefire suite</th></tr><tr><td><a href="#t0">Surefire test</a></td><td class="num">0</td><td class="num attn">12</td><td class="num">0</td><td class="num">22,222</td><td></td><td></td></tr></table><table><thead><tr><th>Class</th><th>Method</th><th>Start</th><th>Time (ms)</th></tr></thead><tbody><tr><th colspan="4">Surefire suite</th></tr></tbody><tbody id="t0"><tr><th colspan="4">Surefire test &#8212; failed (configuration methods)</th></tr><tr class="failedeven"><td rowspan="1">com.naveenautomation.tests.AddressBookPageTest</td><td><a href="#m0">launchBrowser</a></td><td rowspan="1">1710803887705</td><td rowspan="1">0</td></tr><tr class="failedodd"><td rowspan="1">com.naveenautomation.tests.CheckoutPageTest</td><td><a href="#m1">launchBrowser</a></td><td rowspan="1">1710803893663</td><td rowspan="1">0</td></tr><tr class="failedeven"><td rowspan="1">com.naveenautomation.tests.ContactUsPageTest</td><td><a href="#m2">launchBrowser</a></td><td rowspan="1">1710803895473</td><td rowspan="1">0</td></tr><tr class="failedodd"><td rowspan="1">com.naveenautomation.tests.DownloadsPageTest</td><td><a href="#m3">launchBrowser</a></td><td rowspan="1">1710803897288</td><td rowspan="1">0</td></tr><tr class="failedeven"><td rowspan="1">com.naveenautomation.tests.GiftCertificatePageTest</td><td><a href="#m4">launchBrowser</a></td><td rowspan="1">1710803899421</td><td rowspan="1">0</td></tr><tr class="failedodd"><td rowspan="1">com.naveenautomation.tests.MyAccountPageTest</td><td><a href="#m5">launchBrowser</a></td><td rowspan="1">1710803901710</td><td rowspan="1">0</td></tr><tr class="failedeven"><td rowspan="1">com.naveenautomation.tests.OrderHistoryPageTest</td><td><a href="#m6">launchBrowser</a></td><td rowspan="1">1710803903736</td><td rowspan="1">0</td></tr><tr class="failedodd"><td rowspan="1">com.naveenautomation.tests.ReturnRequestTest</td><td><a href="#m7">launchBrowser</a></td><td rowspan="1">1710803905918</td><td rowspan="1">0</td></tr><tr class="failedeven"><td rowspan="1">com.naveenautomation.tests.RewardPointsPageTest</td><td><a href="#m8">launchBrowser</a></td><td rowspan="1">1710803907846</td><td rowspan="1">0</td></tr><tr class="failedodd"><td rowspan="1">com.naveenautomation.tests.WishlistPageTest</td><td><a href="#m9">launchBrowser</a></td><td rowspan="1">1710803891383</td><td rowspan="1">0</td></tr><tr><th colspan="4">Surefire test &#8212; skipped (configuration methods)</th></tr><tr class="skippedeven"><td rowspan="2">com.naveenautomation.tests.MyAccountPageTest</td><td><a href="#m10">launchBrowser</a></td><td rowspan="2">1710803903732</td><td rowspan="2">0</td></tr><tr class="skippedeven"><td><a href="#m11">launchBrowser</a></td></tr><tr><th colspan="4">Surefire test &#8212; skipped</th></tr><tr class="skippedeven"><td rowspan="1">com.naveenautomation.tests.AddressBookPageTest</td><td><a href="#m12">validateNewAddressAddition</a></td><td rowspan="1">1710803891346</td><td rowspan="1">4</td></tr><tr class="skippedodd"><td rowspan="1">com.naveenautomation.tests.CheckoutPageTest</td><td><a href="#m13">validateCheckout</a></td><td rowspan="1">1710803895468</td><td rowspan="1">0</td></tr><tr class="skippedeven"><td rowspan="1">com.naveenautomation.tests.ContactUsPageTest</td><td><a href="#m14">validateContactUs</a></td><td rowspan="1">1710803897283</td><td rowspan="1">0</td></tr><tr class="skippedodd"><td rowspan="1">com.naveenautomation.tests.DownloadsPageTest</td><td><a href="#m15">validateNewsletter</a></td><td rowspan="1">1710803899416</td><td rowspan="1">1</td></tr><tr class="skippedeven"><td rowspan="1">com.naveenautomation.tests.GiftCertificatePageTest</td><td><a href="#m16">validateGiftCertificate</a></td><td rowspan="1">1710803901705</td><td rowspan="1">0</td></tr><tr class="skippedodd"><td rowspan="3">com.naveenautomation.tests.MyAccountPageTest</td><td><a href="#m17">validateAdditionToWishlist</a></td><td rowspan="1">1710803903730</td><td rowspan="1">0</td></tr><tr class="skippedodd"><td><a href="#m18">validateNewsletter</a></td><td rowspan="1">1710803903731</td><td rowspan="1">0</td></tr><tr class="skippedodd"><td><a href="#m19">validatePasswordChange</a></td><td rowspan="1">1710803903732</td><td rowspan="1">0</td></tr><tr class="skippedeven"><td rowspan="1">com.naveenautomation.tests.OrderHistoryPageTest</td><td><a href="#m20">validateAdditionToWishlist</a></td><td rowspan="1">1710803905914</td><td rowspan="1">0</td></tr><tr class="skippedodd"><td rowspan="1">com.naveenautomation.tests.ReturnRequestTest</td><td><a href="#m21">validateRewardPoints</a></td><td rowspan="1">1710803907832</td><td rowspan="1">0</td></tr><tr class="skippedeven"><td rowspan="1">com.naveenautomation.tests.RewardPointsPageTest</td><td><a href="#m22">validateRewardPoints</a></td><td rowspan="1">1710803909783</td><td rowspan="1">0</td></tr><tr class="skippedodd"><td rowspan="1">com.naveenautomation.tests.WishlistPageTest</td><td><a href="#m23">validateNewAddressAddition</a></td><td rowspan="1">1710803893654</td><td rowspan="1">0</td></tr></tbody></table><h2>Surefire test</h2><h3 id="m0">com.naveenautomation.tests.AddressBookPageTest#launchBrowser</h3><table class="result"><tr><th>Exception</th></tr><tr><td><div class="stacktrace">org.openqa.selenium.SessionNotCreatedException: session not created: This version of ChromeDriver only supports Chrome version 114
Current browser version is 122.0.6261.129 with binary path C:\Program Files (x86)\Google\Chrome\Application\chrome.exe
Build info: version: &apos;3.141.59&apos;, revision: &apos;e82be7d358&apos;, time: &apos;2018-11-14T08:17:03&apos;
System info: host: &apos;HP&apos;, ip: &apos;10.0.0.47&apos;, os.name: &apos;Windows 11&apos;, os.arch: &apos;amd64&apos;, os.version: &apos;10.0&apos;, java.version: &apos;11.0.16&apos;
Driver info: driver.version: ChromeDriver
remote stacktrace: Backtrace:
	GetHandleVerifier [0x00A4A813+48355]
	(No symbol) [0x009DC4B1]
	(No symbol) [0x008E5358]
	(No symbol) [0x009061AC]
	(No symbol) [0x00901EF3]
	(No symbol) [0x00900579]
	(No symbol) [0x00930C55]
	(No symbol) [0x0093093C]
	(No symbol) [0x0092A536]
	(No symbol) [0x009082DC]
	(No symbol) [0x009093DD]
	GetHandleVerifier [0x00CAAABD+2539405]
	GetHandleVerifier [0x00CEA78F+2800735]
	GetHandleVerifier [0x00CE456C+2775612]
	GetHandleVerifier [0x00AD51E0+616112]
	(No symbol) [0x009E5F8C]
	(No symbol) [0x009E2328]
	(No symbol) [0x009E240B]
	(No symbol) [0x009D4FF7]
	BaseThreadInitThunk [0x76C57BA9+25]
	RtlInitializeExceptionChain [0x77C8BDAB+107]
	RtlClearBits [0x77C8BD2F+191]

	at org.openqa.selenium.remote.W3CHandshakeResponse.lambda$errorHandler$0(W3CHandshakeResponse.java:62)
	at org.openqa.selenium.remote.HandshakeResponse.lambda$getResponseFunction$0(HandshakeResponse.java:30)
	at org.openqa.selenium.remote.ProtocolHandshake.lambda$createSession$0(ProtocolHandshake.java:126)
	at java.base/java.util.stream.ReferencePipeline$3$1.accept(ReferencePipeline.java:195)
	at java.base/java.util.Spliterators$ArraySpliterator.tryAdvance(Spliterators.java:958)
	at java.base/java.util.stream.ReferencePipeline.forEachWithCancel(ReferencePipeline.java:127)
	at java.base/java.util.stream.AbstractPipeline.copyIntoWithCancel(AbstractPipeline.java:502)
	at java.base/java.util.stream.AbstractPipeline.copyInto(AbstractPipeline.java:488)
	at java.base/java.util.stream.AbstractPipeline.wrapAndCopyInto(AbstractPipeline.java:474)
	at java.base/java.util.stream.FindOps$FindOp.evaluateSequential(FindOps.java:150)
	at java.base/java.util.stream.AbstractPipeline.evaluate(AbstractPipeline.java:234)
	at java.base/java.util.stream.ReferencePipeline.findFirst(ReferencePipeline.java:543)
	at org.openqa.selenium.remote.ProtocolHandshake.createSession(ProtocolHandshake.java:128)
	at org.openqa.selenium.remote.ProtocolHandshake.createSession(ProtocolHandshake.java:74)
	at org.openqa.selenium.remote.HttpCommandExecutor.execute(HttpCommandExecutor.java:136)
	at org.openqa.selenium.remote.service.DriverCommandExecutor.execute(DriverCommandExecutor.java:83)
	at org.openqa.selenium.remote.RemoteWebDriver.execute(RemoteWebDriver.java:552)
	at org.openqa.selenium.remote.RemoteWebDriver.startSession(RemoteWebDriver.java:213)
	at org.openqa.selenium.remote.RemoteWebDriver.&lt;init&gt;(RemoteWebDriver.java:131)
	at org.openqa.selenium.chrome.ChromeDriver.&lt;init&gt;(ChromeDriver.java:181)
	at org.openqa.selenium.chrome.ChromeDriver.&lt;init&gt;(ChromeDriver.java:168)
	at org.openqa.selenium.chrome.ChromeDriver.&lt;init&gt;(ChromeDriver.java:123)
	at com.naveenautomation.TestBase.TestBase.setBrowserForTesting(TestBase.java:75)
	at com.naveenautomation.TestBase.TestBase.pageInitialisation(TestBase.java:29)
	at com.naveenautomation.tests.AddressBookPageTest.launchBrowser(AddressBookPageTest.java:25)
... Removed 35 stack frames</div></td></tr></table><p class="totop"><a href="#summary">back to summary</a></p><h3 id="m1">com.naveenautomation.tests.CheckoutPageTest#launchBrowser</h3><table class="result"><tr><th>Exception</th></tr><tr><td><div class="stacktrace">org.openqa.selenium.SessionNotCreatedException: session not created: This version of ChromeDriver only supports Chrome version 114
Current browser version is 122.0.6261.129 with binary path C:\Program Files (x86)\Google\Chrome\Application\chrome.exe
Build info: version: &apos;3.141.59&apos;, revision: &apos;e82be7d358&apos;, time: &apos;2018-11-14T08:17:03&apos;
System info: host: &apos;HP&apos;, ip: &apos;10.0.0.47&apos;, os.name: &apos;Windows 11&apos;, os.arch: &apos;amd64&apos;, os.version: &apos;10.0&apos;, java.version: &apos;11.0.16&apos;
Driver info: driver.version: ChromeDriver
remote stacktrace: Backtrace:
	GetHandleVerifier [0x00A4A813+48355]
	(No symbol) [0x009DC4B1]
	(No symbol) [0x008E5358]
	(No symbol) [0x009061AC]
	(No symbol) [0x00901EF3]
	(No symbol) [0x00900579]
	(No symbol) [0x00930C55]
	(No symbol) [0x0093093C]
	(No symbol) [0x0092A536]
	(No symbol) [0x009082DC]
	(No symbol) [0x009093DD]
	GetHandleVerifier [0x00CAAABD+2539405]
	GetHandleVerifier [0x00CEA78F+2800735]
	GetHandleVerifier [0x00CE456C+2775612]
	GetHandleVerifier [0x00AD51E0+616112]
	(No symbol) [0x009E5F8C]
	(No symbol) [0x009E2328]
	(No symbol) [0x009E240B]
	(No symbol) [0x009D4FF7]
	BaseThreadInitThunk [0x76C57BA9+25]
	RtlInitializeExceptionChain [0x77C8BDAB+107]
	RtlClearBits [0x77C8BD2F+191]

	at org.openqa.selenium.remote.W3CHandshakeResponse.lambda$errorHandler$0(W3CHandshakeResponse.java:62)
	at org.openqa.selenium.remote.HandshakeResponse.lambda$getResponseFunction$0(HandshakeResponse.java:30)
	at org.openqa.selenium.remote.ProtocolHandshake.lambda$createSession$0(ProtocolHandshake.java:126)
	at java.base/java.util.stream.ReferencePipeline$3$1.accept(ReferencePipeline.java:195)
	at java.base/java.util.Spliterators$ArraySpliterator.tryAdvance(Spliterators.java:958)
	at java.base/java.util.stream.ReferencePipeline.forEachWithCancel(ReferencePipeline.java:127)
	at java.base/java.util.stream.AbstractPipeline.copyIntoWithCancel(AbstractPipeline.java:502)
	at java.base/java.util.stream.AbstractPipeline.copyInto(AbstractPipeline.java:488)
	at java.base/java.util.stream.AbstractPipeline.wrapAndCopyInto(AbstractPipeline.java:474)
	at java.base/java.util.stream.FindOps$FindOp.evaluateSequential(FindOps.java:150)
	at java.base/java.util.stream.AbstractPipeline.evaluate(AbstractPipeline.java:234)
	at java.base/java.util.stream.ReferencePipeline.findFirst(ReferencePipeline.java:543)
	at org.openqa.selenium.remote.ProtocolHandshake.createSession(ProtocolHandshake.java:128)
	at org.openqa.selenium.remote.ProtocolHandshake.createSession(ProtocolHandshake.java:74)
	at org.openqa.selenium.remote.HttpCommandExecutor.execute(HttpCommandExecutor.java:136)
	at org.openqa.selenium.remote.service.DriverCommandExecutor.execute(DriverCommandExecutor.java:83)
	at org.openqa.selenium.remote.RemoteWebDriver.execute(RemoteWebDriver.java:552)
	at org.openqa.selenium.remote.RemoteWebDriver.startSession(RemoteWebDriver.java:213)
	at org.openqa.selenium.remote.RemoteWebDriver.&lt;init&gt;(RemoteWebDriver.java:131)
	at org.openqa.selenium.chrome.ChromeDriver.&lt;init&gt;(ChromeDriver.java:181)
	at org.openqa.selenium.chrome.ChromeDriver.&lt;init&gt;(ChromeDriver.java:168)
	at org.openqa.selenium.chrome.ChromeDriver.&lt;init&gt;(ChromeDriver.java:123)
	at com.naveenautomation.TestBase.TestBase.setBrowserForTesting(TestBase.java:75)
	at com.naveenautomation.TestBase.TestBase.pageInitialisation(TestBase.java:29)
	at com.naveenautomation.tests.CheckoutPageTest.launchBrowser(CheckoutPageTest.java:22)
... Removed 35 stack frames</div></td></tr></table><p class="totop"><a href="#summary">back to summary</a></p><h3 id="m2">com.naveenautomation.tests.ContactUsPageTest#launchBrowser</h3><table class="result"><tr><th>Exception</th></tr><tr><td><div class="stacktrace">org.openqa.selenium.SessionNotCreatedException: session not created: This version of ChromeDriver only supports Chrome version 114
Current browser version is 122.0.6261.129 with binary path C:\Program Files (x86)\Google\Chrome\Application\chrome.exe
Build info: version: &apos;3.141.59&apos;, revision: &apos;e82be7d358&apos;, time: &apos;2018-11-14T08:17:03&apos;
System info: host: &apos;HP&apos;, ip: &apos;10.0.0.47&apos;, os.name: &apos;Windows 11&apos;, os.arch: &apos;amd64&apos;, os.version: &apos;10.0&apos;, java.version: &apos;11.0.16&apos;
Driver info: driver.version: ChromeDriver
remote stacktrace: Backtrace:
	GetHandleVerifier [0x00A4A813+48355]
	(No symbol) [0x009DC4B1]
	(No symbol) [0x008E5358]
	(No symbol) [0x009061AC]
	(No symbol) [0x00901EF3]
	(No symbol) [0x00900579]
	(No symbol) [0x00930C55]
	(No symbol) [0x0093093C]
	(No symbol) [0x0092A536]
	(No symbol) [0x009082DC]
	(No symbol) [0x009093DD]
	GetHandleVerifier [0x00CAAABD+2539405]
	GetHandleVerifier [0x00CEA78F+2800735]
	GetHandleVerifier [0x00CE456C+2775612]
	GetHandleVerifier [0x00AD51E0+616112]
	(No symbol) [0x009E5F8C]
	(No symbol) [0x009E2328]
	(No symbol) [0x009E240B]
	(No symbol) [0x009D4FF7]
	BaseThreadInitThunk [0x76C57BA9+25]
	RtlInitializeExceptionChain [0x77C8BDAB+107]
	RtlClearBits [0x77C8BD2F+191]

	at org.openqa.selenium.remote.W3CHandshakeResponse.lambda$errorHandler$0(W3CHandshakeResponse.java:62)
	at org.openqa.selenium.remote.HandshakeResponse.lambda$getResponseFunction$0(HandshakeResponse.java:30)
	at org.openqa.selenium.remote.ProtocolHandshake.lambda$createSession$0(ProtocolHandshake.java:126)
	at java.base/java.util.stream.ReferencePipeline$3$1.accept(ReferencePipeline.java:195)
	at java.base/java.util.Spliterators$ArraySpliterator.tryAdvance(Spliterators.java:958)
	at java.base/java.util.stream.ReferencePipeline.forEachWithCancel(ReferencePipeline.java:127)
	at java.base/java.util.stream.AbstractPipeline.copyIntoWithCancel(AbstractPipeline.java:502)
	at java.base/java.util.stream.AbstractPipeline.copyInto(AbstractPipeline.java:488)
	at java.base/java.util.stream.AbstractPipeline.wrapAndCopyInto(AbstractPipeline.java:474)
	at java.base/java.util.stream.FindOps$FindOp.evaluateSequential(FindOps.java:150)
	at java.base/java.util.stream.AbstractPipeline.evaluate(AbstractPipeline.java:234)
	at java.base/java.util.stream.ReferencePipeline.findFirst(ReferencePipeline.java:543)
	at org.openqa.selenium.remote.ProtocolHandshake.createSession(ProtocolHandshake.java:128)
	at org.openqa.selenium.remote.ProtocolHandshake.createSession(ProtocolHandshake.java:74)
	at org.openqa.selenium.remote.HttpCommandExecutor.execute(HttpCommandExecutor.java:136)
	at org.openqa.selenium.remote.service.DriverCommandExecutor.execute(DriverCommandExecutor.java:83)
	at org.openqa.selenium.remote.RemoteWebDriver.execute(RemoteWebDriver.java:552)
	at org.openqa.selenium.remote.RemoteWebDriver.startSession(RemoteWebDriver.java:213)
	at org.openqa.selenium.remote.RemoteWebDriver.&lt;init&gt;(RemoteWebDriver.java:131)
	at org.openqa.selenium.chrome.ChromeDriver.&lt;init&gt;(ChromeDriver.java:181)
	at org.openqa.selenium.chrome.ChromeDriver.&lt;init&gt;(ChromeDriver.java:168)
	at org.openqa.selenium.chrome.ChromeDriver.&lt;init&gt;(ChromeDriver.java:123)
	at com.naveenautomation.TestBase.TestBase.setBrowserForTesting(TestBase.java:75)
	at com.naveenautomation.TestBase.TestBase.pageInitialisation(TestBase.java:29)
	at com.naveenautomation.tests.ContactUsPageTest.launchBrowser(ContactUsPageTest.java:20)
... Removed 35 stack frames</div></td></tr></table><p class="totop"><a href="#summary">back to summary</a></p><h3 id="m3">com.naveenautomation.tests.DownloadsPageTest#launchBrowser</h3><table class="result"><tr><th>Exception</th></tr><tr><td><div class="stacktrace">org.openqa.selenium.SessionNotCreatedException: session not created: This version of ChromeDriver only supports Chrome version 114
Current browser version is 122.0.6261.129 with binary path C:\Program Files (x86)\Google\Chrome\Application\chrome.exe
Build info: version: &apos;3.141.59&apos;, revision: &apos;e82be7d358&apos;, time: &apos;2018-11-14T08:17:03&apos;
System info: host: &apos;HP&apos;, ip: &apos;10.0.0.47&apos;, os.name: &apos;Windows 11&apos;, os.arch: &apos;amd64&apos;, os.version: &apos;10.0&apos;, java.version: &apos;11.0.16&apos;
Driver info: driver.version: ChromeDriver
remote stacktrace: Backtrace:
	GetHandleVerifier [0x00A4A813+48355]
	(No symbol) [0x009DC4B1]
	(No symbol) [0x008E5358]
	(No symbol) [0x009061AC]
	(No symbol) [0x00901EF3]
	(No symbol) [0x00900579]
	(No symbol) [0x00930C55]
	(No symbol) [0x0093093C]
	(No symbol) [0x0092A536]
	(No symbol) [0x009082DC]
	(No symbol) [0x009093DD]
	GetHandleVerifier [0x00CAAABD+2539405]
	GetHandleVerifier [0x00CEA78F+2800735]
	GetHandleVerifier [0x00CE456C+2775612]
	GetHandleVerifier [0x00AD51E0+616112]
	(No symbol) [0x009E5F8C]
	(No symbol) [0x009E2328]
	(No symbol) [0x009E240B]
	(No symbol) [0x009D4FF7]
	BaseThreadInitThunk [0x76C57BA9+25]
	RtlInitializeExceptionChain [0x77C8BDAB+107]
	RtlClearBits [0x77C8BD2F+191]

	at org.openqa.selenium.remote.W3CHandshakeResponse.lambda$errorHandler$0(W3CHandshakeResponse.java:62)
	at org.openqa.selenium.remote.HandshakeResponse.lambda$getResponseFunction$0(HandshakeResponse.java:30)
	at org.openqa.selenium.remote.ProtocolHandshake.lambda$createSession$0(ProtocolHandshake.java:126)
	at java.base/java.util.stream.ReferencePipeline$3$1.accept(ReferencePipeline.java:195)
	at java.base/java.util.Spliterators$ArraySpliterator.tryAdvance(Spliterators.java:958)
	at java.base/java.util.stream.ReferencePipeline.forEachWithCancel(ReferencePipeline.java:127)
	at java.base/java.util.stream.AbstractPipeline.copyIntoWithCancel(AbstractPipeline.java:502)
	at java.base/java.util.stream.AbstractPipeline.copyInto(AbstractPipeline.java:488)
	at java.base/java.util.stream.AbstractPipeline.wrapAndCopyInto(AbstractPipeline.java:474)
	at java.base/java.util.stream.FindOps$FindOp.evaluateSequential(FindOps.java:150)
	at java.base/java.util.stream.AbstractPipeline.evaluate(AbstractPipeline.java:234)
	at java.base/java.util.stream.ReferencePipeline.findFirst(ReferencePipeline.java:543)
	at org.openqa.selenium.remote.ProtocolHandshake.createSession(ProtocolHandshake.java:128)
	at org.openqa.selenium.remote.ProtocolHandshake.createSession(ProtocolHandshake.java:74)
	at org.openqa.selenium.remote.HttpCommandExecutor.execute(HttpCommandExecutor.java:136)
	at org.openqa.selenium.remote.service.DriverCommandExecutor.execute(DriverCommandExecutor.java:83)
	at org.openqa.selenium.remote.RemoteWebDriver.execute(RemoteWebDriver.java:552)
	at org.openqa.selenium.remote.RemoteWebDriver.startSession(RemoteWebDriver.java:213)
	at org.openqa.selenium.remote.RemoteWebDriver.&lt;init&gt;(RemoteWebDriver.java:131)
	at org.openqa.selenium.chrome.ChromeDriver.&lt;init&gt;(ChromeDriver.java:181)
	at org.openqa.selenium.chrome.ChromeDriver.&lt;init&gt;(ChromeDriver.java:168)
	at org.openqa.selenium.chrome.ChromeDriver.&lt;init&gt;(ChromeDriver.java:123)
	at com.naveenautomation.TestBase.TestBase.setBrowserForTesting(TestBase.java:75)
	at com.naveenautomation.TestBase.TestBase.pageInitialisation(TestBase.java:29)
	at com.naveenautomation.tests.DownloadsPageTest.launchBrowser(DownloadsPageTest.java:21)
... Removed 35 stack frames</div></td></tr></table><p class="totop"><a href="#summary">back to summary</a></p><h3 id="m4">com.naveenautomation.tests.GiftCertificatePageTest#launchBrowser</h3><table class="result"><tr><th>Exception</th></tr><tr><td><div class="stacktrace">org.openqa.selenium.SessionNotCreatedException: session not created: This version of ChromeDriver only supports Chrome version 114
Current browser version is 122.0.6261.129 with binary path C:\Program Files (x86)\Google\Chrome\Application\chrome.exe
Build info: version: &apos;3.141.59&apos;, revision: &apos;e82be7d358&apos;, time: &apos;2018-11-14T08:17:03&apos;
System info: host: &apos;HP&apos;, ip: &apos;10.0.0.47&apos;, os.name: &apos;Windows 11&apos;, os.arch: &apos;amd64&apos;, os.version: &apos;10.0&apos;, java.version: &apos;11.0.16&apos;
Driver info: driver.version: ChromeDriver
remote stacktrace: Backtrace:
	GetHandleVerifier [0x00A4A813+48355]
	(No symbol) [0x009DC4B1]
	(No symbol) [0x008E5358]
	(No symbol) [0x009061AC]
	(No symbol) [0x00901EF3]
	(No symbol) [0x00900579]
	(No symbol) [0x00930C55]
	(No symbol) [0x0093093C]
	(No symbol) [0x0092A536]
	(No symbol) [0x009082DC]
	(No symbol) [0x009093DD]
	GetHandleVerifier [0x00CAAABD+2539405]
	GetHandleVerifier [0x00CEA78F+2800735]
	GetHandleVerifier [0x00CE456C+2775612]
	GetHandleVerifier [0x00AD51E0+616112]
	(No symbol) [0x009E5F8C]
	(No symbol) [0x009E2328]
	(No symbol) [0x009E240B]
	(No symbol) [0x009D4FF7]
	BaseThreadInitThunk [0x76C57BA9+25]
	RtlInitializeExceptionChain [0x77C8BDAB+107]
	RtlClearBits [0x77C8BD2F+191]

	at org.openqa.selenium.remote.W3CHandshakeResponse.lambda$errorHandler$0(W3CHandshakeResponse.java:62)
	at org.openqa.selenium.remote.HandshakeResponse.lambda$getResponseFunction$0(HandshakeResponse.java:30)
	at org.openqa.selenium.remote.ProtocolHandshake.lambda$createSession$0(ProtocolHandshake.java:126)
	at java.base/java.util.stream.ReferencePipeline$3$1.accept(ReferencePipeline.java:195)
	at java.base/java.util.Spliterators$ArraySpliterator.tryAdvance(Spliterators.java:958)
	at java.base/java.util.stream.ReferencePipeline.forEachWithCancel(ReferencePipeline.java:127)
	at java.base/java.util.stream.AbstractPipeline.copyIntoWithCancel(AbstractPipeline.java:502)
	at java.base/java.util.stream.AbstractPipeline.copyInto(AbstractPipeline.java:488)
	at java.base/java.util.stream.AbstractPipeline.wrapAndCopyInto(AbstractPipeline.java:474)
	at java.base/java.util.stream.FindOps$FindOp.evaluateSequential(FindOps.java:150)
	at java.base/java.util.stream.AbstractPipeline.evaluate(AbstractPipeline.java:234)
	at java.base/java.util.stream.ReferencePipeline.findFirst(ReferencePipeline.java:543)
	at org.openqa.selenium.remote.ProtocolHandshake.createSession(ProtocolHandshake.java:128)
	at org.openqa.selenium.remote.ProtocolHandshake.createSession(ProtocolHandshake.java:74)
	at org.openqa.selenium.remote.HttpCommandExecutor.execute(HttpCommandExecutor.java:136)
	at org.openqa.selenium.remote.service.DriverCommandExecutor.execute(DriverCommandExecutor.java:83)
	at org.openqa.selenium.remote.RemoteWebDriver.execute(RemoteWebDriver.java:552)
	at org.openqa.selenium.remote.RemoteWebDriver.startSession(RemoteWebDriver.java:213)
	at org.openqa.selenium.remote.RemoteWebDriver.&lt;init&gt;(RemoteWebDriver.java:131)
	at org.openqa.selenium.chrome.ChromeDriver.&lt;init&gt;(ChromeDriver.java:181)
	at org.openqa.selenium.chrome.ChromeDriver.&lt;init&gt;(ChromeDriver.java:168)
	at org.openqa.selenium.chrome.ChromeDriver.&lt;init&gt;(ChromeDriver.java:123)
	at com.naveenautomation.TestBase.TestBase.setBrowserForTesting(TestBase.java:75)
	at com.naveenautomation.TestBase.TestBase.pageInitialisation(TestBase.java:29)
	at com.naveenautomation.tests.GiftCertificatePageTest.launchBrowser(GiftCertificatePageTest.java:21)
... Removed 35 stack frames</div></td></tr></table><p class="totop"><a href="#summary">back to summary</a></p><h3 id="m5">com.naveenautomation.tests.MyAccountPageTest#launchBrowser</h3><table class="result"><tr><th>Exception</th></tr><tr><td><div class="stacktrace">org.openqa.selenium.SessionNotCreatedException: session not created: This version of ChromeDriver only supports Chrome version 114
Current browser version is 122.0.6261.129 with binary path C:\Program Files (x86)\Google\Chrome\Application\chrome.exe
Build info: version: &apos;3.141.59&apos;, revision: &apos;e82be7d358&apos;, time: &apos;2018-11-14T08:17:03&apos;
System info: host: &apos;HP&apos;, ip: &apos;10.0.0.47&apos;, os.name: &apos;Windows 11&apos;, os.arch: &apos;amd64&apos;, os.version: &apos;10.0&apos;, java.version: &apos;11.0.16&apos;
Driver info: driver.version: ChromeDriver
remote stacktrace: Backtrace:
	GetHandleVerifier [0x00A4A813+48355]
	(No symbol) [0x009DC4B1]
	(No symbol) [0x008E5358]
	(No symbol) [0x009061AC]
	(No symbol) [0x00901EF3]
	(No symbol) [0x00900579]
	(No symbol) [0x00930C55]
	(No symbol) [0x0093093C]
	(No symbol) [0x0092A536]
	(No symbol) [0x009082DC]
	(No symbol) [0x009093DD]
	GetHandleVerifier [0x00CAAABD+2539405]
	GetHandleVerifier [0x00CEA78F+2800735]
	GetHandleVerifier [0x00CE456C+2775612]
	GetHandleVerifier [0x00AD51E0+616112]
	(No symbol) [0x009E5F8C]
	(No symbol) [0x009E2328]
	(No symbol) [0x009E240B]
	(No symbol) [0x009D4FF7]
	BaseThreadInitThunk [0x76C57BA9+25]
	RtlInitializeExceptionChain [0x77C8BDAB+107]
	RtlClearBits [0x77C8BD2F+191]

	at org.openqa.selenium.remote.W3CHandshakeResponse.lambda$errorHandler$0(W3CHandshakeResponse.java:62)
	at org.openqa.selenium.remote.HandshakeResponse.lambda$getResponseFunction$0(HandshakeResponse.java:30)
	at org.openqa.selenium.remote.ProtocolHandshake.lambda$createSession$0(ProtocolHandshake.java:126)
	at java.base/java.util.stream.ReferencePipeline$3$1.accept(ReferencePipeline.java:195)
	at java.base/java.util.Spliterators$ArraySpliterator.tryAdvance(Spliterators.java:958)
	at java.base/java.util.stream.ReferencePipeline.forEachWithCancel(ReferencePipeline.java:127)
	at java.base/java.util.stream.AbstractPipeline.copyIntoWithCancel(AbstractPipeline.java:502)
	at java.base/java.util.stream.AbstractPipeline.copyInto(AbstractPipeline.java:488)
	at java.base/java.util.stream.AbstractPipeline.wrapAndCopyInto(AbstractPipeline.java:474)
	at java.base/java.util.stream.FindOps$FindOp.evaluateSequential(FindOps.java:150)
	at java.base/java.util.stream.AbstractPipeline.evaluate(AbstractPipeline.java:234)
	at java.base/java.util.stream.ReferencePipeline.findFirst(ReferencePipeline.java:543)
	at org.openqa.selenium.remote.ProtocolHandshake.createSession(ProtocolHandshake.java:128)
	at org.openqa.selenium.remote.ProtocolHandshake.createSession(ProtocolHandshake.java:74)
	at org.openqa.selenium.remote.HttpCommandExecutor.execute(HttpCommandExecutor.java:136)
	at org.openqa.selenium.remote.service.DriverCommandExecutor.execute(DriverCommandExecutor.java:83)
	at org.openqa.selenium.remote.RemoteWebDriver.execute(RemoteWebDriver.java:552)
	at org.openqa.selenium.remote.RemoteWebDriver.startSession(RemoteWebDriver.java:213)
	at org.openqa.selenium.remote.RemoteWebDriver.&lt;init&gt;(RemoteWebDriver.java:131)
	at org.openqa.selenium.chrome.ChromeDriver.&lt;init&gt;(ChromeDriver.java:181)
	at org.openqa.selenium.chrome.ChromeDriver.&lt;init&gt;(ChromeDriver.java:168)
	at org.openqa.selenium.chrome.ChromeDriver.&lt;init&gt;(ChromeDriver.java:123)
	at com.naveenautomation.TestBase.TestBase.setBrowserForTesting(TestBase.java:75)
	at com.naveenautomation.TestBase.TestBase.pageInitialisation(TestBase.java:29)
	at com.naveenautomation.tests.MyAccountPageTest.launchBrowser(MyAccountPageTest.java:21)
... Removed 35 stack frames</div></td></tr></table><p class="totop"><a href="#summary">back to summary</a></p><h3 id="m6">com.naveenautomation.tests.OrderHistoryPageTest#launchBrowser</h3><table class="result"><tr><th>Exception</th></tr><tr><td><div class="stacktrace">org.openqa.selenium.SessionNotCreatedException: session not created: This version of ChromeDriver only supports Chrome version 114
Current browser version is 122.0.6261.129 with binary path C:\Program Files (x86)\Google\Chrome\Application\chrome.exe
Build info: version: &apos;3.141.59&apos;, revision: &apos;e82be7d358&apos;, time: &apos;2018-11-14T08:17:03&apos;
System info: host: &apos;HP&apos;, ip: &apos;10.0.0.47&apos;, os.name: &apos;Windows 11&apos;, os.arch: &apos;amd64&apos;, os.version: &apos;10.0&apos;, java.version: &apos;11.0.16&apos;
Driver info: driver.version: ChromeDriver
remote stacktrace: Backtrace:
	GetHandleVerifier [0x00A4A813+48355]
	(No symbol) [0x009DC4B1]
	(No symbol) [0x008E5358]
	(No symbol) [0x009061AC]
	(No symbol) [0x00901EF3]
	(No symbol) [0x00900579]
	(No symbol) [0x00930C55]
	(No symbol) [0x0093093C]
	(No symbol) [0x0092A536]
	(No symbol) [0x009082DC]
	(No symbol) [0x009093DD]
	GetHandleVerifier [0x00CAAABD+2539405]
	GetHandleVerifier [0x00CEA78F+2800735]
	GetHandleVerifier [0x00CE456C+2775612]
	GetHandleVerifier [0x00AD51E0+616112]
	(No symbol) [0x009E5F8C]
	(No symbol) [0x009E2328]
	(No symbol) [0x009E240B]
	(No symbol) [0x009D4FF7]
	BaseThreadInitThunk [0x76C57BA9+25]
	RtlInitializeExceptionChain [0x77C8BDAB+107]
	RtlClearBits [0x77C8BD2F+191]

	at org.openqa.selenium.remote.W3CHandshakeResponse.lambda$errorHandler$0(W3CHandshakeResponse.java:62)
	at org.openqa.selenium.remote.HandshakeResponse.lambda$getResponseFunction$0(HandshakeResponse.java:30)
	at org.openqa.selenium.remote.ProtocolHandshake.lambda$createSession$0(ProtocolHandshake.java:126)
	at java.base/java.util.stream.ReferencePipeline$3$1.accept(ReferencePipeline.java:195)
	at java.base/java.util.Spliterators$ArraySpliterator.tryAdvance(Spliterators.java:958)
	at java.base/java.util.stream.ReferencePipeline.forEachWithCancel(ReferencePipeline.java:127)
	at java.base/java.util.stream.AbstractPipeline.copyIntoWithCancel(AbstractPipeline.java:502)
	at java.base/java.util.stream.AbstractPipeline.copyInto(AbstractPipeline.java:488)
	at java.base/java.util.stream.AbstractPipeline.wrapAndCopyInto(AbstractPipeline.java:474)
	at java.base/java.util.stream.FindOps$FindOp.evaluateSequential(FindOps.java:150)
	at java.base/java.util.stream.AbstractPipeline.evaluate(AbstractPipeline.java:234)
	at java.base/java.util.stream.ReferencePipeline.findFirst(ReferencePipeline.java:543)
	at org.openqa.selenium.remote.ProtocolHandshake.createSession(ProtocolHandshake.java:128)
	at org.openqa.selenium.remote.ProtocolHandshake.createSession(ProtocolHandshake.java:74)
	at org.openqa.selenium.remote.HttpCommandExecutor.execute(HttpCommandExecutor.java:136)
	at org.openqa.selenium.remote.service.DriverCommandExecutor.execute(DriverCommandExecutor.java:83)
	at org.openqa.selenium.remote.RemoteWebDriver.execute(RemoteWebDriver.java:552)
	at org.openqa.selenium.remote.RemoteWebDriver.startSession(RemoteWebDriver.java:213)
	at org.openqa.selenium.remote.RemoteWebDriver.&lt;init&gt;(RemoteWebDriver.java:131)
	at org.openqa.selenium.chrome.ChromeDriver.&lt;init&gt;(ChromeDriver.java:181)
	at org.openqa.selenium.chrome.ChromeDriver.&lt;init&gt;(ChromeDriver.java:168)
	at org.openqa.selenium.chrome.ChromeDriver.&lt;init&gt;(ChromeDriver.java:123)
	at com.naveenautomation.TestBase.TestBase.setBrowserForTesting(TestBase.java:75)
	at com.naveenautomation.TestBase.TestBase.pageInitialisation(TestBase.java:29)
	at com.naveenautomation.tests.OrderHistoryPageTest.launchBrowser(OrderHistoryPageTest.java:21)
... Removed 35 stack frames</div></td></tr></table><p class="totop"><a href="#summary">back to summary</a></p><h3 id="m7">com.naveenautomation.tests.ReturnRequestTest#launchBrowser</h3><table class="result"><tr><th>Exception</th></tr><tr><td><div class="stacktrace">org.openqa.selenium.SessionNotCreatedException: session not created: This version of ChromeDriver only supports Chrome version 114
Current browser version is 122.0.6261.129 with binary path C:\Program Files (x86)\Google\Chrome\Application\chrome.exe
Build info: version: &apos;3.141.59&apos;, revision: &apos;e82be7d358&apos;, time: &apos;2018-11-14T08:17:03&apos;
System info: host: &apos;HP&apos;, ip: &apos;10.0.0.47&apos;, os.name: &apos;Windows 11&apos;, os.arch: &apos;amd64&apos;, os.version: &apos;10.0&apos;, java.version: &apos;11.0.16&apos;
Driver info: driver.version: ChromeDriver
remote stacktrace: Backtrace:
	GetHandleVerifier [0x00A4A813+48355]
	(No symbol) [0x009DC4B1]
	(No symbol) [0x008E5358]
	(No symbol) [0x009061AC]
	(No symbol) [0x00901EF3]
	(No symbol) [0x00900579]
	(No symbol) [0x00930C55]
	(No symbol) [0x0093093C]
	(No symbol) [0x0092A536]
	(No symbol) [0x009082DC]
	(No symbol) [0x009093DD]
	GetHandleVerifier [0x00CAAABD+2539405]
	GetHandleVerifier [0x00CEA78F+2800735]
	GetHandleVerifier [0x00CE456C+2775612]
	GetHandleVerifier [0x00AD51E0+616112]
	(No symbol) [0x009E5F8C]
	(No symbol) [0x009E2328]
	(No symbol) [0x009E240B]
	(No symbol) [0x009D4FF7]
	BaseThreadInitThunk [0x76C57BA9+25]
	RtlInitializeExceptionChain [0x77C8BDAB+107]
	RtlClearBits [0x77C8BD2F+191]

	at org.openqa.selenium.remote.W3CHandshakeResponse.lambda$errorHandler$0(W3CHandshakeResponse.java:62)
	at org.openqa.selenium.remote.HandshakeResponse.lambda$getResponseFunction$0(HandshakeResponse.java:30)
	at org.openqa.selenium.remote.ProtocolHandshake.lambda$createSession$0(ProtocolHandshake.java:126)
	at java.base/java.util.stream.ReferencePipeline$3$1.accept(ReferencePipeline.java:195)
	at java.base/java.util.Spliterators$ArraySpliterator.tryAdvance(Spliterators.java:958)
	at java.base/java.util.stream.ReferencePipeline.forEachWithCancel(ReferencePipeline.java:127)
	at java.base/java.util.stream.AbstractPipeline.copyIntoWithCancel(AbstractPipeline.java:502)
	at java.base/java.util.stream.AbstractPipeline.copyInto(AbstractPipeline.java:488)
	at java.base/java.util.stream.AbstractPipeline.wrapAndCopyInto(AbstractPipeline.java:474)
	at java.base/java.util.stream.FindOps$FindOp.evaluateSequential(FindOps.java:150)
	at java.base/java.util.stream.AbstractPipeline.evaluate(AbstractPipeline.java:234)
	at java.base/java.util.stream.ReferencePipeline.findFirst(ReferencePipeline.java:543)
	at org.openqa.selenium.remote.ProtocolHandshake.createSession(ProtocolHandshake.java:128)
	at org.openqa.selenium.remote.ProtocolHandshake.createSession(ProtocolHandshake.java:74)
	at org.openqa.selenium.remote.HttpCommandExecutor.execute(HttpCommandExecutor.java:136)
	at org.openqa.selenium.remote.service.DriverCommandExecutor.execute(DriverCommandExecutor.java:83)
	at org.openqa.selenium.remote.RemoteWebDriver.execute(RemoteWebDriver.java:552)
	at org.openqa.selenium.remote.RemoteWebDriver.startSession(RemoteWebDriver.java:213)
	at org.openqa.selenium.remote.RemoteWebDriver.&lt;init&gt;(RemoteWebDriver.java:131)
	at org.openqa.selenium.chrome.ChromeDriver.&lt;init&gt;(ChromeDriver.java:181)
	at org.openqa.selenium.chrome.ChromeDriver.&lt;init&gt;(ChromeDriver.java:168)
	at org.openqa.selenium.chrome.ChromeDriver.&lt;init&gt;(ChromeDriver.java:123)
	at com.naveenautomation.TestBase.TestBase.setBrowserForTesting(TestBase.java:75)
	at com.naveenautomation.TestBase.TestBase.pageInitialisation(TestBase.java:29)
	at com.naveenautomation.tests.ReturnRequestTest.launchBrowser(ReturnRequestTest.java:21)
... Removed 35 stack frames</div></td></tr></table><p class="totop"><a href="#summary">back to summary</a></p><h3 id="m8">com.naveenautomation.tests.RewardPointsPageTest#launchBrowser</h3><table class="result"><tr><th>Exception</th></tr><tr><td><div class="stacktrace">org.openqa.selenium.SessionNotCreatedException: session not created: This version of ChromeDriver only supports Chrome version 114
Current browser version is 122.0.6261.129 with binary path C:\Program Files (x86)\Google\Chrome\Application\chrome.exe
Build info: version: &apos;3.141.59&apos;, revision: &apos;e82be7d358&apos;, time: &apos;2018-11-14T08:17:03&apos;
System info: host: &apos;HP&apos;, ip: &apos;10.0.0.47&apos;, os.name: &apos;Windows 11&apos;, os.arch: &apos;amd64&apos;, os.version: &apos;10.0&apos;, java.version: &apos;11.0.16&apos;
Driver info: driver.version: ChromeDriver
remote stacktrace: Backtrace:
	GetHandleVerifier [0x00A4A813+48355]
	(No symbol) [0x009DC4B1]
	(No symbol) [0x008E5358]
	(No symbol) [0x009061AC]
	(No symbol) [0x00901EF3]
	(No symbol) [0x00900579]
	(No symbol) [0x00930C55]
	(No symbol) [0x0093093C]
	(No symbol) [0x0092A536]
	(No symbol) [0x009082DC]
	(No symbol) [0x009093DD]
	GetHandleVerifier [0x00CAAABD+2539405]
	GetHandleVerifier [0x00CEA78F+2800735]
	GetHandleVerifier [0x00CE456C+2775612]
	GetHandleVerifier [0x00AD51E0+616112]
	(No symbol) [0x009E5F8C]
	(No symbol) [0x009E2328]
	(No symbol) [0x009E240B]
	(No symbol) [0x009D4FF7]
	BaseThreadInitThunk [0x76C57BA9+25]
	RtlInitializeExceptionChain [0x77C8BDAB+107]
	RtlClearBits [0x77C8BD2F+191]

	at org.openqa.selenium.remote.W3CHandshakeResponse.lambda$errorHandler$0(W3CHandshakeResponse.java:62)
	at org.openqa.selenium.remote.HandshakeResponse.lambda$getResponseFunction$0(HandshakeResponse.java:30)
	at org.openqa.selenium.remote.ProtocolHandshake.lambda$createSession$0(ProtocolHandshake.java:126)
	at java.base/java.util.stream.ReferencePipeline$3$1.accept(ReferencePipeline.java:195)
	at java.base/java.util.Spliterators$ArraySpliterator.tryAdvance(Spliterators.java:958)
	at java.base/java.util.stream.ReferencePipeline.forEachWithCancel(ReferencePipeline.java:127)
	at java.base/java.util.stream.AbstractPipeline.copyIntoWithCancel(AbstractPipeline.java:502)
	at java.base/java.util.stream.AbstractPipeline.copyInto(AbstractPipeline.java:488)
	at java.base/java.util.stream.AbstractPipeline.wrapAndCopyInto(AbstractPipeline.java:474)
	at java.base/java.util.stream.FindOps$FindOp.evaluateSequential(FindOps.java:150)
	at java.base/java.util.stream.AbstractPipeline.evaluate(AbstractPipeline.java:234)
	at java.base/java.util.stream.ReferencePipeline.findFirst(ReferencePipeline.java:543)
	at org.openqa.selenium.remote.ProtocolHandshake.createSession(ProtocolHandshake.java:128)
	at org.openqa.selenium.remote.ProtocolHandshake.createSession(ProtocolHandshake.java:74)
	at org.openqa.selenium.remote.HttpCommandExecutor.execute(HttpCommandExecutor.java:136)
	at org.openqa.selenium.remote.service.DriverCommandExecutor.execute(DriverCommandExecutor.java:83)
	at org.openqa.selenium.remote.RemoteWebDriver.execute(RemoteWebDriver.java:552)
	at org.openqa.selenium.remote.RemoteWebDriver.startSession(RemoteWebDriver.java:213)
	at org.openqa.selenium.remote.RemoteWebDriver.&lt;init&gt;(RemoteWebDriver.java:131)
	at org.openqa.selenium.chrome.ChromeDriver.&lt;init&gt;(ChromeDriver.java:181)
	at org.openqa.selenium.chrome.ChromeDriver.&lt;init&gt;(ChromeDriver.java:168)
	at org.openqa.selenium.chrome.ChromeDriver.&lt;init&gt;(ChromeDriver.java:123)
	at com.naveenautomation.TestBase.TestBase.setBrowserForTesting(TestBase.java:75)
	at com.naveenautomation.TestBase.TestBase.pageInitialisation(TestBase.java:29)
	at com.naveenautomation.tests.RewardPointsPageTest.launchBrowser(RewardPointsPageTest.java:21)
... Removed 35 stack frames</div></td></tr></table><p class="totop"><a href="#summary">back to summary</a></p><h3 id="m9">com.naveenautomation.tests.WishlistPageTest#launchBrowser</h3><table class="result"><tr><th>Exception</th></tr><tr><td><div class="stacktrace">org.openqa.selenium.SessionNotCreatedException: session not created: This version of ChromeDriver only supports Chrome version 114
Current browser version is 122.0.6261.129 with binary path C:\Program Files (x86)\Google\Chrome\Application\chrome.exe
Build info: version: &apos;3.141.59&apos;, revision: &apos;e82be7d358&apos;, time: &apos;2018-11-14T08:17:03&apos;
System info: host: &apos;HP&apos;, ip: &apos;10.0.0.47&apos;, os.name: &apos;Windows 11&apos;, os.arch: &apos;amd64&apos;, os.version: &apos;10.0&apos;, java.version: &apos;11.0.16&apos;
Driver info: driver.version: ChromeDriver
remote stacktrace: Backtrace:
	GetHandleVerifier [0x00A4A813+48355]
	(No symbol) [0x009DC4B1]
	(No symbol) [0x008E5358]
	(No symbol) [0x009061AC]
	(No symbol) [0x00901EF3]
	(No symbol) [0x00900579]
	(No symbol) [0x00930C55]
	(No symbol) [0x0093093C]
	(No symbol) [0x0092A536]
	(No symbol) [0x009082DC]
	(No symbol) [0x009093DD]
	GetHandleVerifier [0x00CAAABD+2539405]
	GetHandleVerifier [0x00CEA78F+2800735]
	GetHandleVerifier [0x00CE456C+2775612]
	GetHandleVerifier [0x00AD51E0+616112]
	(No symbol) [0x009E5F8C]
	(No symbol) [0x009E2328]
	(No symbol) [0x009E240B]
	(No symbol) [0x009D4FF7]
	BaseThreadInitThunk [0x76C57BA9+25]
	RtlInitializeExceptionChain [0x77C8BDAB+107]
	RtlClearBits [0x77C8BD2F+191]

	at org.openqa.selenium.remote.W3CHandshakeResponse.lambda$errorHandler$0(W3CHandshakeResponse.java:62)
	at org.openqa.selenium.remote.HandshakeResponse.lambda$getResponseFunction$0(HandshakeResponse.java:30)
	at org.openqa.selenium.remote.ProtocolHandshake.lambda$createSession$0(ProtocolHandshake.java:126)
	at java.base/java.util.stream.ReferencePipeline$3$1.accept(ReferencePipeline.java:195)
	at java.base/java.util.Spliterators$ArraySpliterator.tryAdvance(Spliterators.java:958)
	at java.base/java.util.stream.ReferencePipeline.forEachWithCancel(ReferencePipeline.java:127)
	at java.base/java.util.stream.AbstractPipeline.copyIntoWithCancel(AbstractPipeline.java:502)
	at java.base/java.util.stream.AbstractPipeline.copyInto(AbstractPipeline.java:488)
	at java.base/java.util.stream.AbstractPipeline.wrapAndCopyInto(AbstractPipeline.java:474)
	at java.base/java.util.stream.FindOps$FindOp.evaluateSequential(FindOps.java:150)
	at java.base/java.util.stream.AbstractPipeline.evaluate(AbstractPipeline.java:234)
	at java.base/java.util.stream.ReferencePipeline.findFirst(ReferencePipeline.java:543)
	at org.openqa.selenium.remote.ProtocolHandshake.createSession(ProtocolHandshake.java:128)
	at org.openqa.selenium.remote.ProtocolHandshake.createSession(ProtocolHandshake.java:74)
	at org.openqa.selenium.remote.HttpCommandExecutor.execute(HttpCommandExecutor.java:136)
	at org.openqa.selenium.remote.service.DriverCommandExecutor.execute(DriverCommandExecutor.java:83)
	at org.openqa.selenium.remote.RemoteWebDriver.execute(RemoteWebDriver.java:552)
	at org.openqa.selenium.remote.RemoteWebDriver.startSession(RemoteWebDriver.java:213)
	at org.openqa.selenium.remote.RemoteWebDriver.&lt;init&gt;(RemoteWebDriver.java:131)
	at org.openqa.selenium.chrome.ChromeDriver.&lt;init&gt;(ChromeDriver.java:181)
	at org.openqa.selenium.chrome.ChromeDriver.&lt;init&gt;(ChromeDriver.java:168)
	at org.openqa.selenium.chrome.ChromeDriver.&lt;init&gt;(ChromeDriver.java:123)
	at com.naveenautomation.TestBase.TestBase.setBrowserForTesting(TestBase.java:75)
	at com.naveenautomation.TestBase.TestBase.pageInitialisation(TestBase.java:29)
	at com.naveenautomation.tests.WishlistPageTest.launchBrowser(WishlistPageTest.java:21)
... Removed 35 stack frames</div></td></tr></table><p class="totop"><a href="#summary">back to summary</a></p><h3 id="m10">com.naveenautomation.tests.MyAccountPageTest#launchBrowser</h3><table class="result"></table><p class="totop"><a href="#summary">back to summary</a></p><h3 id="m11">com.naveenautomation.tests.MyAccountPageTest#launchBrowser</h3><table class="result"></table><p class="totop"><a href="#summary">back to summary</a></p><h3 id="m12">com.naveenautomation.tests.AddressBookPageTest#validateNewAddressAddition</h3><table class="result"></table><p class="totop"><a href="#summary">back to summary</a></p><h3 id="m13">com.naveenautomation.tests.CheckoutPageTest#validateCheckout</h3><table class="result"></table><p class="totop"><a href="#summary">back to summary</a></p><h3 id="m14">com.naveenautomation.tests.ContactUsPageTest#validateContactUs</h3><table class="result"></table><p class="totop"><a href="#summary">back to summary</a></p><h3 id="m15">com.naveenautomation.tests.DownloadsPageTest#validateNewsletter</h3><table class="result"></table><p class="totop"><a href="#summary">back to summary</a></p><h3 id="m16">com.naveenautomation.tests.GiftCertificatePageTest#validateGiftCertificate</h3><table class="result"></table><p class="totop"><a href="#summary">back to summary</a></p><h3 id="m17">com.naveenautomation.tests.MyAccountPageTest#validateAdditionToWishlist</h3><table class="result"></table><p class="totop"><a href="#summary">back to summary</a></p><h3 id="m18">com.naveenautomation.tests.MyAccountPageTest#validateNewsletter</h3><table class="result"></table><p class="totop"><a href="#summary">back to summary</a></p><h3 id="m19">com.naveenautomation.tests.MyAccountPageTest#validatePasswordChange</h3><table class="result"></table><p class="totop"><a href="#summary">back to summary</a></p><h3 id="m20">com.naveenautomation.tests.OrderHistoryPageTest#validateAdditionToWishlist</h3><table class="result"></table><p class="totop"><a href="#summary">back to summary</a></p><h3 id="m21">com.naveenautomation.tests.ReturnRequestTest#validateRewardPoints</h3><table class="result"></table><p class="totop"><a href="#summary">back to summary</a></p><h3 id="m22">com.naveenautomation.tests.RewardPointsPageTest#validateRewardPoints</h3><table class="result"></table><p class="totop"><a href="#summary">back to summary</a></p><h3 id="m23">com.naveenautomation.tests.WishlistPageTest#validateNewAddressAddition</h3><table class="result"></table><p class="totop"><a href="#summary">back to summary</a></p></body></html>